#
# A fatal error has been detected by the Java Runtime Environment:
#
#  EXCEPTION_ACCESS_VIOLATION (0xc0000005) at pc=0x00007ff9e958ca54, pid=9528, tid=10648
#
# JRE version: OpenJDK Runtime Environment (11.0.10) (build 11.0.10+0-b96-7249189)
# Java VM: OpenJDK 64-Bit Server VM (11.0.10+0-b96-7249189, mixed mode, tiered, compressed oops, g1 gc, windows-amd64)
# Problematic frame:
# V  [jvm.dll+0x18ca54]
#
# No core dump will be written. Minidumps are not enabled by default on client versions of Windows
#
# If you would like to submit a bug report, please visit:
#   https://bugreport.java.com/bugreport/crash.jsp
#

---------------  S U M M A R Y ------------

Command Line: --add-opens=java.base/java.util=ALL-UNNAMED --add-opens=java.base/java.lang=ALL-UNNAMED --add-opens=java.base/java.lang.invoke=ALL-UNNAMED --add-opens=java.base/java.util=ALL-UNNAMED --add-opens=java.prefs/java.util.prefs=ALL-UNNAMED --add-opens=java.prefs/java.util.prefs=ALL-UNNAMED --add-opens=java.base/java.nio.charset=ALL-UNNAMED --add-opens=java.base/java.net=ALL-UNNAMED --add-opens=java.base/java.util.concurrent.atomic=ALL-UNNAMED -Xmx2048m -Dfile.encoding=UTF-8 -Duser.country=IN -Duser.language=en -Duser.variant org.gradle.launcher.daemon.bootstrap.GradleDaemon 7.0.2

Host: Intel(R) Core(TM) i5-8300H CPU @ 2.30GHz, 8 cores, 7G,  Windows 10 , 64 bit Build 19041 (10.0.19041.1348)
Time: Wed Dec 15 23:03:19 2021 India Standard Time elapsed time: 34.163598 seconds (0d 0h 0m 34s)

---------------  T H R E A D  ---------------

Current thread (0x00000259ce3ca800):  ConcurrentGCThread "G1 Conc#0" [stack: 0x0000006b75100000,0x0000006b75200000] [id=10648]

Stack: [0x0000006b75100000,0x0000006b75200000],  sp=0x0000006b751ff938,  free space=1022k
Native frames: (J=compiled Java code, j=interpreted, Vv=VM code, C=native code)
V  [jvm.dll+0x18ca54]


siginfo: EXCEPTION_ACCESS_VIOLATION (0xc0000005), reading address 0x0000000000000110


Register to memory mapping:

RIP=0x00007ff9e958ca54 jvm.dll
RAX=0x0 is NULL
RBX=0x0000000085bac308 is an oop: 
[error occurred during error reporting (printing register info), id 0xc0000005, EXCEPTION_ACCESS_VIOLATION (0xc0000005) at pc=0x00007ff9e99da02d]

Registers:
RAX=0x0000000000000000, RBX=0x0000000085bac308, RCX=0x00000001003feed8, RDX=0x0000000085bac308
RSP=0x0000006b751ff938, RBP=0x00000259ce3c0880, RSI=0x0000000000000001, RDI=0x0000000000000000
R8 =0x0000000000000000, R9 =0x00000001003feed8, R10=0x00000259ce3c0880, R11=0x00000259e1da0000
R12=0x000000000000000c, R13=0xaaaaaaaaaaaaaaab, R14=0x0000000000000000, R15=0x0000006b751ffb40
RIP=0x00007ff9e958ca54, EFLAGS=0x0000000000010246

Top of Stack: (sp=0x0000006b751ff938)
0x0000006b751ff938:   00007ff9e96da4ea 0000000085bac308
0x0000006b751ff948:   0000006b751ffb68 00000259ce3cc7e0
0x0000006b751ff958:   00007ff9e96da441 00000259ce3cb201
0x0000006b751ff968:   00007ff9e96da396 0000006b751ffb68
0x0000006b751ff978:   0000000085bac308 00000259ce3cc880
0x0000006b751ff988:   0000006b751ffb68 0000000000000000
0x0000006b751ff998:   00007ff9e96d21ed 0000000085ba9194
0x0000006b751ff9a8:   00007ff9e96d362d 0000000085bac340
0x0000006b751ff9b8:   0000000085ba8c7c 0000006b751ffb40
0x0000006b751ff9c8:   00000259ce3cb201 0000000100013f08
0x0000006b751ff9d8:   00007ff9e96d1aa1 0000000000000115
0x0000006b751ff9e8:   0000000085ba88f0 0000000085b827f0
0x0000006b751ff9f8:   00000259ce3cb201 0000000085ba88f0
0x0000006b751ffa08:   00007ff9e96dffcf 00000259ce3cc880
0x0000006b751ffa18:   0000000000b80000 0000000000000000
0x0000006b751ffa28:   00007ff9e99bfae1 00000259ce3cc880 

Instructions: (pc=0x00007ff9e958ca54)
0x00007ff9e958c954:   11 86 98 03 00 00 48 8b 5c 24 40 48 8b 74 24 48
0x00007ff9e958c964:   48 83 c4 30 5f c3 48 8b 07 48 8d 54 24 20 48 8b
0x00007ff9e958c974:   cf 66 0f 7f 44 24 20 ff 50 38 48 8b 5c 24 40 48
0x00007ff9e958c984:   8b 74 24 48 48 83 c4 30 5f c3 cc cc 48 8b 49 38
0x00007ff9e958c994:   48 8b 01 48 ff 60 28 cc cc cc cc cc 80 3d f1 ab
0x00007ff9e958c9a4:   86 00 00 48 8b c1 74 1b 8b 51 08 8b 0d 63 21 82
0x00007ff9e958c9b4:   00 48 d3 e2 48 8b c8 48 03 15 4e 21 82 00 e9 19
0x00007ff9e958c9c4:   00 00 00 48 8b 51 08 48 8b c8 e9 0d 00 00 00 cc
0x00007ff9e958c9d4:   cc cc cc cc cc cc cc cc cc cc cc cc 4c 8b ca 48
0x00007ff9e958c9e4:   8b d1 45 8b 41 08 45 85 c0 7e 0e 41 f6 c0 01 75
0x00007ff9e958c9f4:   59 41 c1 f8 03 41 8b c0 c3 79 4f 80 3d 92 ab 86
0x00007ff9e958ca04:   00 00 b8 0c 00 00 00 b9 10 00 00 00 0f 45 c8 8b
0x00007ff9e958ca14:   05 ab 6c 80 00 ff c8 4c 63 c8 48 63 c1 41 8b c8
0x00007ff9e958ca24:   83 e1 3f 48 63 14 10 41 8b c0 48 c1 f8 10 0f b6
0x00007ff9e958ca34:   c0 48 d3 e2 49 8d 0c 11 49 f7 d1 48 03 c1 49 c1
0x00007ff9e958ca44:   e9 03 48 c1 e8 03 41 23 c1 c3 49 8b 01 49 8b c9
0x00007ff9e958ca54:   48 ff a0 10 01 00 00 cc cc cc cc cc 48 83 ec 38
0x00007ff9e958ca64:   0f 10 02 48 8b 49 38 48 8d 54 24 20 0f 29 44 24
0x00007ff9e958ca74:   20 e8 56 f0 ff ff 48 83 c4 38 c3 cc 48 89 5c 24
0x00007ff9e958ca84:   08 55 56 57 41 54 41 55 41 56 41 57 48 8d 6c 24
0x00007ff9e958ca94:   e0 48 81 ec 20 01 00 00 48 8b 05 5d a5 83 00 48
0x00007ff9e958caa4:   33 c4 48 89 45 10 48 8b 05 df 15 86 00 45 33 ed
0x00007ff9e958cab4:   4c 8b b5 80 00 00 00 4c 8b fa 48 8b bd 88 00 00
0x00007ff9e958cac4:   00 4d 8b c6 49 8b d6 49 8b f1 48 8b 48 38 48 8b
0x00007ff9e958cad4:   59 48 49 8b cf c7 45 c0 ff ff ff ff 44 89 6d d4
0x00007ff9e958cae4:   4c 89 6d d8 44 88 6d e0 c7 45 e8 ff ff ff ff 44
0x00007ff9e958caf4:   89 6d fc 4c 89 6d 00 44 88 6d 08 e8 ac 17 f6 ff
0x00007ff9e958cb04:   41 b1 01 4c 8d 45 e8 41 8d 55 04 49 8b cf e8 39
0x00007ff9e958cb14:   d5 f4 ff 48 8b 05 a2 55 6e 00 4c 8d 25 1b 29 5c
0x00007ff9e958cb24:   00 48 89 44 24 30 4c 8d 44 24 70 0f b6 05 59 aa
0x00007ff9e958cb34:   86 00 49 8b d6 f6 d8 48 89 74 24 20 4c 89 74 24
0x00007ff9e958cb44:   28 0f 10 44 24 20 1b c9 44 89 6c 24 3c 83 c1 03 


Stack slot to memory mapping:
stack at sp + 0 slots: 0x00007ff9e96da4ea jvm.dll
stack at sp + 1 slots: 0x0000000085bac308 is an oop: 
[error occurred during error reporting (inspecting top of stack), id 0xc0000005, EXCEPTION_ACCESS_VIOLATION (0xc0000005) at pc=0x00007ff9e99da02d]


---------------  P R O C E S S  ---------------

Threads class SMR info:
_java_thread_list=0x00000259ef06f070, length=54, elements={
0x00000259ce384800, 0x00000259e87f5800, 0x00000259e87f9800, 0x00000259e881c800,
0x00000259e881d800, 0x00000259e8820000, 0x00000259e8826800, 0x00000259e8827800,
0x00000259e918f800, 0x00000259e92df800, 0x00000259eb0da000, 0x00000259e9436800,
0x00000259ec6af800, 0x00000259eaf24800, 0x00000259eaf25000, 0x00000259ebbb9800,
0x00000259ebbba000, 0x00000259ec5ab800, 0x00000259eaafb800, 0x00000259eb08f800,
0x00000259eb08f000, 0x00000259eb090800, 0x00000259eb091800, 0x00000259eb092000,
0x00000259eb08c800, 0x00000259eb093000, 0x00000259eb08d000, 0x00000259eb08e000,
0x00000259ebeb0000, 0x00000259ebeb3800, 0x00000259ebeb4800, 0x00000259ebeb1000,
0x00000259ebeae800, 0x00000259ebeb5000, 0x00000259ebeaf800, 0x00000259ebeb6800,
0x00000259ebeb2800, 0x00000259ebeb6000, 0x00000259ebeb7800, 0x00000259ebebd800,
0x00000259ebeb9000, 0x00000259ebeba000, 0x00000259ebebb000, 0x00000259ef123800,
0x00000259ef121000, 0x00000259ef122000, 0x00000259ef125000, 0x00000259ef122800,
0x00000259ef124800, 0x00000259ef126000, 0x00000259ef120800, 0x00000259ef127000,
0x00000259f2f77000, 0x00000259f2f76000
}

Java Threads: ( => current thread )
  0x00000259ce384800 JavaThread "main" [_thread_blocked, id=6360, stack(0x0000006b74d00000,0x0000006b74e00000)]
  0x00000259e87f5800 JavaThread "Reference Handler" daemon [_thread_blocked, id=9420, stack(0x0000006b75500000,0x0000006b75600000)]
  0x00000259e87f9800 JavaThread "Finalizer" daemon [_thread_blocked, id=18456, stack(0x0000006b75600000,0x0000006b75700000)]
  0x00000259e881c800 JavaThread "Signal Dispatcher" daemon [_thread_blocked, id=11596, stack(0x0000006b75700000,0x0000006b75800000)]
  0x00000259e881d800 JavaThread "Attach Listener" daemon [_thread_blocked, id=15912, stack(0x0000006b75800000,0x0000006b75900000)]
  0x00000259e8820000 JavaThread "Service Thread" daemon [_thread_blocked, id=13772, stack(0x0000006b75900000,0x0000006b75a00000)]
  0x00000259e8826800 JavaThread "C2 CompilerThread0" daemon [_thread_in_native, id=12900, stack(0x0000006b75a00000,0x0000006b75b00000)]
  0x00000259e8827800 JavaThread "C1 CompilerThread0" daemon [_thread_in_native, id=7728, stack(0x0000006b75b00000,0x0000006b75c00000)]
  0x00000259e918f800 JavaThread "Sweeper thread" daemon [_thread_blocked, id=11096, stack(0x0000006b75c00000,0x0000006b75d00000)]
  0x00000259e92df800 JavaThread "Common-Cleaner" daemon [_thread_blocked, id=17724, stack(0x0000006b75d00000,0x0000006b75e00000)]
  0x00000259eb0da000 JavaThread "Daemon health stats" [_thread_blocked, id=9544, stack(0x0000006b76200000,0x0000006b76300000)]
  0x00000259e9436800 JavaThread "Incoming local TCP Connector on port 60077" [_thread_in_native, id=15552, stack(0x0000006b75f00000,0x0000006b76000000)]
  0x00000259ec6af800 JavaThread "Daemon periodic checks" [_thread_blocked, id=10688, stack(0x0000006b76300000,0x0000006b76400000)]
  0x00000259eaf24800 JavaThread "Daemon" [_thread_blocked, id=18912, stack(0x0000006b76400000,0x0000006b76500000)]
  0x00000259eaf25000 JavaThread "Handler for socket connection from /127.0.0.1:60077 to /127.0.0.1:60080" [_thread_in_native, id=17732, stack(0x0000006b76500000,0x0000006b76600000)]
  0x00000259ebbb9800 JavaThread "Cancel handler" [_thread_blocked, id=3212, stack(0x0000006b76600000,0x0000006b76700000)]
  0x00000259ebbba000 JavaThread "Daemon worker" [_thread_blocked, id=1688, stack(0x0000006b76700000,0x0000006b76800000)]
  0x00000259ec5ab800 JavaThread "Asynchronous log dispatcher for DefaultDaemonConnection: socket connection from /127.0.0.1:60077 to /127.0.0.1:60080" [_thread_blocked, id=19952, stack(0x0000006b76800000,0x0000006b76900000)]
  0x00000259eaafb800 JavaThread "Stdin handler" [_thread_blocked, id=15704, stack(0x0000006b76900000,0x0000006b76a00000)]
  0x00000259eb08f800 JavaThread "Daemon client event forwarder" [_thread_blocked, id=9984, stack(0x0000006b76a00000,0x0000006b76b00000)]
  0x00000259eb08f000 JavaThread "Cache worker for file hash cache (C:\Users\ASUS\.gradle\caches\7.0.2\fileHashes)" [_thread_blocked, id=11876, stack(0x0000006b77000000,0x0000006b77100000)]
  0x00000259eb090800 JavaThread "File lock request listener" [_thread_in_native, id=13004, stack(0x0000006b77100000,0x0000006b77200000)]
  0x00000259eb091800 JavaThread "File lock release action executor" [_thread_blocked, id=1440, stack(0x0000006b77200000,0x0000006b77300000)]
  0x00000259eb092000 JavaThread "Cache worker for journal cache (C:\Users\ASUS\.gradle\caches\journal-1)" [_thread_blocked, id=2612, stack(0x0000006b77400000,0x0000006b77500000)]
  0x00000259eb08c800 JavaThread "Cache worker for file hash cache (C:\Users\ASUS\AndroidStudioProjects\SplashScreen\.gradle\7.0.2\fileHashes)" [_thread_blocked, id=7748, stack(0x0000006b77600000,0x0000006b77700000)]
  0x00000259eb093000 JavaThread "File watcher server" daemon [_thread_in_native, id=12416, stack(0x0000006b77700000,0x0000006b77800000)]
  0x00000259eb08d000 JavaThread "File watcher consumer" daemon [_thread_blocked, id=16608, stack(0x0000006b77800000,0x0000006b77900000)]
  0x00000259eb08e000 JavaThread "jar transforms" [_thread_blocked, id=18840, stack(0x0000006b77900000,0x0000006b77a00000)]
  0x00000259ebeb0000 JavaThread "jar transforms Thread 2" [_thread_blocked, id=8900, stack(0x0000006b77a00000,0x0000006b77b00000)]
  0x00000259ebeb3800 JavaThread "jar transforms Thread 3" [_thread_blocked, id=20324, stack(0x0000006b77b00000,0x0000006b77c00000)]
  0x00000259ebeb4800 JavaThread "jar transforms Thread 4" [_thread_blocked, id=8676, stack(0x0000006b77c00000,0x0000006b77d00000)]
  0x00000259ebeb1000 JavaThread "jar transforms Thread 5" [_thread_blocked, id=4776, stack(0x0000006b77d00000,0x0000006b77e00000)]
  0x00000259ebeae800 JavaThread "jar transforms Thread 6" [_thread_blocked, id=16644, stack(0x0000006b77e00000,0x0000006b77f00000)]
  0x00000259ebeb5000 JavaThread "jar transforms Thread 7" [_thread_blocked, id=12132, stack(0x0000006b78000000,0x0000006b78100000)]
  0x00000259ebeaf800 JavaThread "jar transforms Thread 8" [_thread_blocked, id=12968, stack(0x0000006b78100000,0x0000006b78200000)]
  0x00000259ebeb6800 JavaThread "Cache worker for checksums cache (C:\Users\ASUS\AndroidStudioProjects\SplashScreen\.gradle\checksums)" [_thread_blocked, id=16688, stack(0x0000006b77f00000,0x0000006b78000000)]
  0x00000259ebeb2800 JavaThread "Cache worker for cache directory md-supplier (C:\Users\ASUS\.gradle\caches\7.0.2\md-supplier)" [_thread_blocked, id=2752, stack(0x0000006b78200000,0x0000006b78300000)]
  0x00000259ebeb6000 JavaThread "Cache worker for cache directory md-rule (C:\Users\ASUS\.gradle\caches\7.0.2\md-rule)" [_thread_blocked, id=9640, stack(0x0000006b78300000,0x0000006b78400000)]
  0x00000259ebeb7800 JavaThread "Cache worker for execution history cache (C:\Users\ASUS\.gradle\caches\7.0.2\executionHistory)" [_thread_blocked, id=17968, stack(0x0000006b78400000,0x0000006b78500000)]
  0x00000259ebebd800 JavaThread "Cache worker for file content cache (C:\Users\ASUS\.gradle\caches\7.0.2\fileContent)" [_thread_blocked, id=13224, stack(0x0000006b78600000,0x0000006b78700000)]
  0x00000259ebeb9000 JavaThread "Cache worker for dependencies-accessors (C:\Users\ASUS\AndroidStudioProjects\SplashScreen\.gradle\7.0.2\dependencies-accessors)" [_thread_blocked, id=17656, stack(0x0000006b78700000,0x0000006b78800000)]
  0x00000259ebeba000 JavaThread "Cache worker for Build Output Cleanup Cache (C:\Users\ASUS\AndroidStudioProjects\SplashScreen\.gradle\buildOutputCleanup)" [_thread_blocked, id=13244, stack(0x0000006b78800000,0x0000006b78900000)]
  0x00000259ebebb000 JavaThread "Build operations" [_thread_blocked, id=17288, stack(0x0000006b77500000,0x0000006b77600000)]
  0x00000259ef123800 JavaThread "Build operations Thread 2" [_thread_blocked, id=8524, stack(0x0000006b78500000,0x0000006b78600000)]
  0x00000259ef121000 JavaThread "Build operations Thread 3" [_thread_blocked, id=2236, stack(0x0000006b78900000,0x0000006b78a00000)]
  0x00000259ef122000 JavaThread "Build operations Thread 4" [_thread_blocked, id=10060, stack(0x0000006b78a00000,0x0000006b78b00000)]
  0x00000259ef125000 JavaThread "Build operations Thread 5" [_thread_blocked, id=14328, stack(0x0000006b78b00000,0x0000006b78c00000)]
  0x00000259ef122800 JavaThread "Build operations Thread 6" [_thread_blocked, id=1600, stack(0x0000006b78c00000,0x0000006b78d00000)]
  0x00000259ef124800 JavaThread "Build operations Thread 7" [_thread_blocked, id=9260, stack(0x0000006b78d00000,0x0000006b78e00000)]
  0x00000259ef126000 JavaThread "Build operations Thread 8" [_thread_blocked, id=19640, stack(0x0000006b78e00000,0x0000006b78f00000)]
  0x00000259ef120800 JavaThread "Memory manager" [_thread_blocked, id=880, stack(0x0000006b79000000,0x0000006b79100000)]
  0x00000259ef127000 JavaThread "pool-3-thread-1" [_thread_blocked, id=3612, stack(0x0000006b78f00000,0x0000006b79000000)]
  0x00000259f2f77000 JavaThread "File lock release action executor Thread 2" [_thread_blocked, id=844, stack(0x0000006b79100000,0x0000006b79200000)]
  0x00000259f2f76000 JavaThread "C2 CompilerThread1" daemon [_thread_in_native, id=15356, stack(0x0000006b79400000,0x0000006b79500000)]

Other Threads:
  0x00000259e87f1800 VMThread "VM Thread" [stack: 0x0000006b75400000,0x0000006b75500000] [id=15144]
  0x00000259e92f8000 WatcherThread [stack: 0x0000006b75e00000,0x0000006b75f00000] [id=14524]
  0x00000259ce39a000 GCTaskThread "GC Thread#0" [stack: 0x0000006b74f00000,0x0000006b75000000] [id=4992]
  0x00000259e9cbb000 GCTaskThread "GC Thread#1" [stack: 0x0000006b76000000,0x0000006b76100000] [id=9988]
  0x00000259e9dbb000 GCTaskThread "GC Thread#2" [stack: 0x0000006b76100000,0x0000006b76200000] [id=6308]
  0x00000259eb21b800 GCTaskThread "GC Thread#3" [stack: 0x0000006b76b00000,0x0000006b76c00000] [id=12492]
  0x00000259ea6da800 GCTaskThread "GC Thread#4" [stack: 0x0000006b76c00000,0x0000006b76d00000] [id=11208]
  0x00000259eb04d000 GCTaskThread "GC Thread#5" [stack: 0x0000006b76d00000,0x0000006b76e00000] [id=13384]
  0x00000259ea3ac800 GCTaskThread "GC Thread#6" [stack: 0x0000006b76e00000,0x0000006b76f00000] [id=2256]
  0x00000259eabb4800 GCTaskThread "GC Thread#7" [stack: 0x0000006b76f00000,0x0000006b77000000] [id=12168]
  0x00000259ce3c9800 ConcurrentGCThread "G1 Main Marker" [stack: 0x0000006b75000000,0x0000006b75100000] [id=11244]
=>0x00000259ce3ca800 ConcurrentGCThread "G1 Conc#0" [stack: 0x0000006b75100000,0x0000006b75200000] [id=10648]
  0x00000259eb111000 ConcurrentGCThread "G1 Conc#1" [stack: 0x0000006b77300000,0x0000006b77400000] [id=18748]
  0x00000259e8640800 ConcurrentGCThread "G1 Refine#0" [stack: 0x0000006b75200000,0x0000006b75300000] [id=3048]
  0x00000259e8641800 ConcurrentGCThread "G1 Young RemSet Sampling" [stack: 0x0000006b75300000,0x0000006b75400000] [id=18328]

Threads with active compile tasks:
C2 CompilerThread0  34178 9882       4       org.gradle.cache.internal.DefaultCrossBuildInMemoryCacheFactory$AbstractCrossBuildInMemoryCache::getIfPresentWithoutLock (43 bytes)
C2 CompilerThread1  34178 9812   !   4       org.gradle.api.internal.attributes.DefaultImmutableAttributesFactory::doConcatIsolatable (128 bytes)

VM state:not at safepoint (normal execution)

VM Mutex/Monitor currently owned by a thread: None

Heap address: 0x0000000080000000, size: 2048 MB, Compressed Oops mode: 32-bit
Narrow klass base: 0x0000000000000000, Narrow klass shift: 3
Compressed class space size: 1073741824 Address: 0x0000000100000000

Heap:
 garbage-first heap   total 129024K, used 103512K [0x0000000080000000, 0x0000000100000000)
  region size 1024K, 10 young (10240K), 2 survivors (2048K)
 Metaspace       used 91853K, capacity 94372K, committed 94592K, reserved 1130496K
  class space    used 11711K, capacity 12646K, committed 12672K, reserved 1048576K
Heap Regions: E=young(eden), S=young(survivor), O=old, HS=humongous(starts), HC=humongous(continues), CS=collection set, F=free, A=archive, TAMS=top-at-mark-start (previous, next)
|   0|0x0000000080000000, 0x0000000080100000, 0x0000000080100000|100%| O|  |TAMS 0x0000000080100000, 0x0000000080100000| Untracked 
|   1|0x0000000080100000, 0x0000000080200000, 0x0000000080200000|100%| O|  |TAMS 0x0000000080200000, 0x0000000080200000| Untracked 
|   2|0x0000000080200000, 0x0000000080300000, 0x0000000080300000|100%| O|  |TAMS 0x0000000080300000, 0x0000000080300000| Untracked 
|   3|0x0000000080300000, 0x0000000080400000, 0x0000000080400000|100%|HS|  |TAMS 0x0000000080400000, 0x0000000080400000| Complete 
|   4|0x0000000080400000, 0x0000000080500000, 0x0000000080500000|100%|HC|  |TAMS 0x0000000080500000, 0x0000000080500000| Complete 
|   5|0x0000000080500000, 0x0000000080600000, 0x0000000080600000|100%|HC|  |TAMS 0x0000000080600000, 0x0000000080600000| Complete 
|   6|0x0000000080600000, 0x0000000080700000, 0x0000000080700000|100%| O|  |TAMS 0x0000000080700000, 0x0000000080700000| Untracked 
|   7|0x0000000080700000, 0x0000000080800000, 0x0000000080800000|100%| O|  |TAMS 0x0000000080800000, 0x0000000080800000| Untracked 
|   8|0x0000000080800000, 0x0000000080900000, 0x0000000080900000|100%| O|  |TAMS 0x0000000080900000, 0x0000000080900000| Untracked 
|   9|0x0000000080900000, 0x0000000080a00000, 0x0000000080a00000|100%| O|  |TAMS 0x0000000080a00000, 0x0000000080a00000| Untracked 
|  10|0x0000000080a00000, 0x0000000080b00000, 0x0000000080b00000|100%| O|  |TAMS 0x0000000080b00000, 0x0000000080b00000| Untracked 
|  11|0x0000000080b00000, 0x0000000080c00000, 0x0000000080c00000|100%| O|  |TAMS 0x0000000080c00000, 0x0000000080c00000| Untracked 
|  12|0x0000000080c00000, 0x0000000080d00000, 0x0000000080d00000|100%| O|  |TAMS 0x0000000080d00000, 0x0000000080d00000| Untracked 
|  13|0x0000000080d00000, 0x0000000080e00000, 0x0000000080e00000|100%| O|  |TAMS 0x0000000080e00000, 0x0000000080e00000| Untracked 
|  14|0x0000000080e00000, 0x0000000080f00000, 0x0000000080f00000|100%| O|  |TAMS 0x0000000080f00000, 0x0000000080f00000| Untracked 
|  15|0x0000000080f00000, 0x0000000081000000, 0x0000000081000000|100%|HS|  |TAMS 0x0000000081000000, 0x0000000081000000| Complete 
|  16|0x0000000081000000, 0x0000000081100000, 0x0000000081100000|100%|HC|  |TAMS 0x0000000081100000, 0x0000000081100000| Complete 
|  17|0x0000000081100000, 0x0000000081200000, 0x0000000081200000|100%|HS|  |TAMS 0x0000000081200000, 0x0000000081200000| Complete 
|  18|0x0000000081200000, 0x0000000081300000, 0x0000000081300000|100%|HC|  |TAMS 0x0000000081300000, 0x0000000081300000| Complete 
|  19|0x0000000081300000, 0x0000000081400000, 0x0000000081400000|100%|HC|  |TAMS 0x0000000081400000, 0x0000000081400000| Complete 
|  20|0x0000000081400000, 0x0000000081500000, 0x0000000081500000|100%|HS|  |TAMS 0x0000000081500000, 0x0000000081500000| Complete 
|  21|0x0000000081500000, 0x0000000081600000, 0x0000000081600000|100%|HC|  |TAMS 0x0000000081600000, 0x0000000081600000| Complete 
|  22|0x0000000081600000, 0x0000000081700000, 0x0000000081700000|100%|HC|  |TAMS 0x0000000081700000, 0x0000000081700000| Complete 
|  23|0x0000000081700000, 0x0000000081800000, 0x0000000081800000|100%|HC|  |TAMS 0x0000000081800000, 0x0000000081800000| Complete 
|  24|0x0000000081800000, 0x0000000081900000, 0x0000000081900000|100%|HC|  |TAMS 0x0000000081900000, 0x0000000081900000| Complete 
|  25|0x0000000081900000, 0x0000000081a00000, 0x0000000081a00000|100%| O|  |TAMS 0x0000000081a00000, 0x0000000081a00000| Untracked 
|  26|0x0000000081a00000, 0x0000000081b00000, 0x0000000081b00000|100%| O|  |TAMS 0x0000000081b00000, 0x0000000081b00000| Untracked 
|  27|0x0000000081b00000, 0x0000000081c00000, 0x0000000081c00000|100%| O|  |TAMS 0x0000000081c00000, 0x0000000081c00000| Untracked 
|  28|0x0000000081c00000, 0x0000000081d00000, 0x0000000081d00000|100%| O|  |TAMS 0x0000000081d00000, 0x0000000081d00000| Untracked 
|  29|0x0000000081d00000, 0x0000000081e00000, 0x0000000081e00000|100%|HS|  |TAMS 0x0000000081e00000, 0x0000000081e00000| Complete 
|  30|0x0000000081e00000, 0x0000000081f00000, 0x0000000081f00000|100%|HC|  |TAMS 0x0000000081f00000, 0x0000000081f00000| Complete 
|  31|0x0000000081f00000, 0x0000000082000000, 0x0000000082000000|100%|HC|  |TAMS 0x0000000082000000, 0x0000000082000000| Complete 
|  32|0x0000000082000000, 0x0000000082100000, 0x0000000082100000|100%| O|  |TAMS 0x0000000082100000, 0x0000000082100000| Untracked 
|  33|0x0000000082100000, 0x0000000082200000, 0x0000000082200000|100%| O|  |TAMS 0x0000000082200000, 0x0000000082200000| Untracked 
|  34|0x0000000082200000, 0x0000000082300000, 0x0000000082300000|100%| O|  |TAMS 0x0000000082300000, 0x0000000082300000| Untracked 
|  35|0x0000000082300000, 0x0000000082400000, 0x0000000082400000|100%| O|  |TAMS 0x0000000082400000, 0x0000000082400000| Untracked 
|  36|0x0000000082400000, 0x0000000082500000, 0x0000000082500000|100%|HS|  |TAMS 0x0000000082500000, 0x0000000082500000| Complete 
|  37|0x0000000082500000, 0x0000000082600000, 0x0000000082600000|100%|HC|  |TAMS 0x0000000082600000, 0x0000000082600000| Complete 
|  38|0x0000000082600000, 0x0000000082700000, 0x0000000082700000|100%|HC|  |TAMS 0x0000000082700000, 0x0000000082700000| Complete 
|  39|0x0000000082700000, 0x0000000082800000, 0x0000000082800000|100%|HC|  |TAMS 0x0000000082800000, 0x0000000082800000| Complete 
|  40|0x0000000082800000, 0x0000000082900000, 0x0000000082900000|100%|HC|  |TAMS 0x0000000082900000, 0x0000000082900000| Complete 
|  41|0x0000000082900000, 0x0000000082a00000, 0x0000000082a00000|100%| O|  |TAMS 0x0000000082a00000, 0x0000000082a00000| Untracked 
|  42|0x0000000082a00000, 0x0000000082b00000, 0x0000000082b00000|100%| O|  |TAMS 0x0000000082b00000, 0x0000000082b00000| Untracked 
|  43|0x0000000082b00000, 0x0000000082c00000, 0x0000000082c00000|100%| O|  |TAMS 0x0000000082c00000, 0x0000000082c00000| Untracked 
|  44|0x0000000082c00000, 0x0000000082d00000, 0x0000000082d00000|100%| O|  |TAMS 0x0000000082d00000, 0x0000000082d00000| Untracked 
|  45|0x0000000082d00000, 0x0000000082e00000, 0x0000000082e00000|100%| O|  |TAMS 0x0000000082e00000, 0x0000000082e00000| Untracked 
|  46|0x0000000082e00000, 0x0000000082f00000, 0x0000000082f00000|100%| O|  |TAMS 0x0000000082f00000, 0x0000000082f00000| Untracked 
|  47|0x0000000082f00000, 0x0000000083000000, 0x0000000083000000|100%| O|  |TAMS 0x0000000083000000, 0x0000000083000000| Untracked 
|  48|0x0000000083000000, 0x0000000083100000, 0x0000000083100000|100%| O|  |TAMS 0x0000000083100000, 0x0000000083100000| Untracked 
|  49|0x0000000083100000, 0x0000000083200000, 0x0000000083200000|100%| O|  |TAMS 0x0000000083200000, 0x0000000083200000| Untracked 
|  50|0x0000000083200000, 0x0000000083300000, 0x0000000083300000|100%| O|  |TAMS 0x0000000083300000, 0x0000000083300000| Untracked 
|  51|0x0000000083300000, 0x0000000083400000, 0x0000000083400000|100%| O|  |TAMS 0x0000000083400000, 0x0000000083400000| Untracked 
|  52|0x0000000083400000, 0x0000000083500000, 0x0000000083500000|100%| O|  |TAMS 0x0000000083500000, 0x0000000083500000| Untracked 
|  53|0x0000000083500000, 0x0000000083600000, 0x0000000083600000|100%| O|  |TAMS 0x0000000083600000, 0x0000000083600000| Untracked 
|  54|0x0000000083600000, 0x0000000083700000, 0x0000000083700000|100%|HS|  |TAMS 0x0000000083700000, 0x0000000083700000| Complete 
|  55|0x0000000083700000, 0x0000000083800000, 0x0000000083800000|100%|HS|  |TAMS 0x0000000083800000, 0x0000000083800000| Complete 
|  56|0x0000000083800000, 0x0000000083900000, 0x0000000083900000|100%| O|  |TAMS 0x0000000083900000, 0x0000000083900000| Untracked 
|  57|0x0000000083900000, 0x0000000083a00000, 0x0000000083a00000|100%|HS|  |TAMS 0x0000000083a00000, 0x0000000083a00000| Complete 
|  58|0x0000000083a00000, 0x0000000083b00000, 0x0000000083b00000|100%|HC|  |TAMS 0x0000000083b00000, 0x0000000083b00000| Complete 
|  59|0x0000000083b00000, 0x0000000083c00000, 0x0000000083c00000|100%| O|  |TAMS 0x0000000083c00000, 0x0000000083c00000| Untracked 
|  60|0x0000000083c00000, 0x0000000083d00000, 0x0000000083d00000|100%| O|  |TAMS 0x0000000083d00000, 0x0000000083d00000| Untracked 
|  61|0x0000000083d00000, 0x0000000083e00000, 0x0000000083e00000|100%| O|  |TAMS 0x0000000083e00000, 0x0000000083e00000| Untracked 
|  62|0x0000000083e00000, 0x0000000083f00000, 0x0000000083f00000|100%| O|  |TAMS 0x0000000083f00000, 0x0000000083f00000| Untracked 
|  63|0x0000000083f00000, 0x0000000084000000, 0x0000000084000000|100%| O|  |TAMS 0x0000000084000000, 0x0000000084000000| Untracked 
|  64|0x0000000084000000, 0x0000000084100000, 0x0000000084100000|100%| O|  |TAMS 0x0000000084100000, 0x0000000084100000| Untracked 
|  65|0x0000000084100000, 0x0000000084200000, 0x0000000084200000|100%| O|  |TAMS 0x0000000084200000, 0x0000000084200000| Untracked 
|  66|0x0000000084200000, 0x0000000084300000, 0x0000000084300000|100%| O|  |TAMS 0x0000000084300000, 0x0000000084300000| Untracked 
|  67|0x0000000084300000, 0x0000000084400000, 0x0000000084400000|100%| O|  |TAMS 0x0000000084400000, 0x0000000084400000| Untracked 
|  68|0x0000000084400000, 0x0000000084500000, 0x0000000084500000|100%| O|  |TAMS 0x0000000084500000, 0x0000000084500000| Untracked 
|  69|0x0000000084500000, 0x0000000084600000, 0x0000000084600000|100%| O|  |TAMS 0x0000000084600000, 0x0000000084600000| Untracked 
|  70|0x0000000084600000, 0x0000000084700000, 0x0000000084700000|100%| O|  |TAMS 0x0000000084700000, 0x0000000084700000| Untracked 
|  71|0x0000000084700000, 0x0000000084800000, 0x0000000084800000|100%| O|  |TAMS 0x0000000084800000, 0x0000000084800000| Untracked 
|  72|0x0000000084800000, 0x0000000084900000, 0x0000000084900000|100%| O|  |TAMS 0x0000000084900000, 0x0000000084900000| Untracked 
|  73|0x0000000084900000, 0x0000000084a00000, 0x0000000084a00000|100%| O|  |TAMS 0x0000000084a00000, 0x0000000084a00000| Untracked 
|  74|0x0000000084a00000, 0x0000000084b00000, 0x0000000084b00000|100%| O|  |TAMS 0x0000000084b00000, 0x0000000084b00000| Untracked 
|  75|0x0000000084b00000, 0x0000000084c00000, 0x0000000084c00000|100%| O|  |TAMS 0x0000000084c00000, 0x0000000084c00000| Untracked 
|  76|0x0000000084c00000, 0x0000000084d00000, 0x0000000084d00000|100%| O|  |TAMS 0x0000000084d00000, 0x0000000084d00000| Untracked 
|  77|0x0000000084d00000, 0x0000000084e00000, 0x0000000084e00000|100%| O|  |TAMS 0x0000000084e00000, 0x0000000084e00000| Untracked 
|  78|0x0000000084e00000, 0x0000000084f00000, 0x0000000084f00000|100%| O|  |TAMS 0x0000000084f00000, 0x0000000084f00000| Untracked 
|  79|0x0000000084f00000, 0x0000000085000000, 0x0000000085000000|100%| O|  |TAMS 0x0000000085000000, 0x0000000085000000| Untracked 
|  80|0x0000000085000000, 0x0000000085100000, 0x0000000085100000|100%| O|  |TAMS 0x0000000085100000, 0x0000000085100000| Untracked 
|  81|0x0000000085100000, 0x0000000085200000, 0x0000000085200000|100%| O|  |TAMS 0x0000000085200000, 0x0000000085200000| Untracked 
|  82|0x0000000085200000, 0x0000000085300000, 0x0000000085300000|100%| O|  |TAMS 0x0000000085300000, 0x0000000085300000| Untracked 
|  83|0x0000000085300000, 0x0000000085400000, 0x0000000085400000|100%| O|  |TAMS 0x0000000085400000, 0x0000000085400000| Untracked 
|  84|0x0000000085400000, 0x0000000085500000, 0x0000000085500000|100%| O|  |TAMS 0x0000000085500000, 0x0000000085500000| Untracked 
|  85|0x0000000085500000, 0x0000000085600000, 0x0000000085600000|100%| O|  |TAMS 0x0000000085600000, 0x0000000085600000| Untracked 
|  86|0x0000000085600000, 0x0000000085700000, 0x0000000085700000|100%| O|  |TAMS 0x0000000085700000, 0x0000000085700000| Untracked 
|  87|0x0000000085700000, 0x0000000085800000, 0x0000000085800000|100%| O|  |TAMS 0x0000000085800000, 0x0000000085800000| Untracked 
|  88|0x0000000085800000, 0x0000000085900000, 0x0000000085900000|100%| O|  |TAMS 0x0000000085900000, 0x0000000085900000| Untracked 
|  89|0x0000000085900000, 0x0000000085a00000, 0x0000000085a00000|100%| O|  |TAMS 0x0000000085a00000, 0x0000000085a00000| Untracked 
|  90|0x0000000085a00000, 0x0000000085b00000, 0x0000000085b00000|100%| O|  |TAMS 0x0000000085ab9800, 0x0000000085b00000| Untracked 
|  91|0x0000000085b00000, 0x0000000085c00000, 0x0000000085c00000|100%| O|  |TAMS 0x0000000085b00000, 0x0000000085c00000| Untracked 
|  92|0x0000000085c00000, 0x0000000085d00000, 0x0000000085d00000|100%| O|  |TAMS 0x0000000085c00000, 0x0000000085d00000| Untracked 
|  93|0x0000000085d00000, 0x0000000085d54400, 0x0000000085e00000| 32%| O|  |TAMS 0x0000000085d00000, 0x0000000085d54400| Untracked 
|  94|0x0000000085e00000, 0x0000000085e00000, 0x0000000085f00000|  0%| F|  |TAMS 0x0000000085e00000, 0x0000000085e00000| Untracked 
|  95|0x0000000085f00000, 0x0000000085f00000, 0x0000000086000000|  0%| F|  |TAMS 0x0000000085f00000, 0x0000000085f00000| Untracked 
|  96|0x0000000086000000, 0x0000000086000000, 0x0000000086100000|  0%| F|  |TAMS 0x0000000086000000, 0x0000000086000000| Untracked 
|  97|0x0000000086100000, 0x0000000086100000, 0x0000000086200000|  0%| F|  |TAMS 0x0000000086100000, 0x0000000086100000| Untracked 
|  98|0x0000000086200000, 0x0000000086200000, 0x0000000086300000|  0%| F|  |TAMS 0x0000000086200000, 0x0000000086200000| Untracked 
|  99|0x0000000086300000, 0x0000000086300000, 0x0000000086400000|  0%| F|  |TAMS 0x0000000086300000, 0x0000000086300000| Untracked 
| 100|0x0000000086400000, 0x0000000086400000, 0x0000000086500000|  0%| F|  |TAMS 0x0000000086400000, 0x0000000086400000| Untracked 
| 101|0x0000000086500000, 0x0000000086500000, 0x0000000086600000|  0%| F|  |TAMS 0x0000000086500000, 0x0000000086500000| Untracked 
| 102|0x0000000086600000, 0x0000000086600000, 0x0000000086700000|  0%| F|  |TAMS 0x0000000086600000, 0x0000000086600000| Untracked 
| 103|0x0000000086700000, 0x0000000086700000, 0x0000000086800000|  0%| F|  |TAMS 0x0000000086700000, 0x0000000086700000| Untracked 
| 104|0x0000000086800000, 0x0000000086800000, 0x0000000086900000|  0%| F|  |TAMS 0x0000000086800000, 0x0000000086800000| Untracked 
| 105|0x0000000086900000, 0x0000000086900000, 0x0000000086a00000|  0%| F|  |TAMS 0x0000000086900000, 0x0000000086900000| Untracked 
| 106|0x0000000086a00000, 0x0000000086a00000, 0x0000000086b00000|  0%| F|  |TAMS 0x0000000086a00000, 0x0000000086a00000| Untracked 
| 107|0x0000000086b00000, 0x0000000086b00000, 0x0000000086c00000|  0%| F|  |TAMS 0x0000000086b00000, 0x0000000086b00000| Untracked 
| 108|0x0000000086c00000, 0x0000000086cc1c20, 0x0000000086d00000| 75%| S|CS|TAMS 0x0000000086c00000, 0x0000000086c00000| Complete 
| 109|0x0000000086d00000, 0x0000000086d00000, 0x0000000086e00000|  0%| F|  |TAMS 0x0000000086d00000, 0x0000000086d00000| Untracked 
| 110|0x0000000086e00000, 0x0000000086e00000, 0x0000000086f00000|  0%| F|  |TAMS 0x0000000086e00000, 0x0000000086e00000| Untracked 
| 111|0x0000000086f00000, 0x0000000087000000, 0x0000000087000000|100%| S|CS|TAMS 0x0000000086f00000, 0x0000000086f00000| Complete 
| 112|0x0000000087000000, 0x0000000087000000, 0x0000000087100000|  0%| F|  |TAMS 0x0000000087000000, 0x0000000087000000| Untracked 
| 113|0x0000000087100000, 0x0000000087100000, 0x0000000087200000|  0%| F|  |TAMS 0x0000000087100000, 0x0000000087100000| Untracked 
| 114|0x0000000087200000, 0x0000000087200000, 0x0000000087300000|  0%| F|  |TAMS 0x0000000087200000, 0x0000000087200000| Untracked 
| 115|0x0000000087300000, 0x0000000087300000, 0x0000000087400000|  0%| F|  |TAMS 0x0000000087300000, 0x0000000087300000| Untracked 
| 116|0x0000000087400000, 0x0000000087400000, 0x0000000087500000|  0%| F|  |TAMS 0x0000000087400000, 0x0000000087400000| Untracked 
| 117|0x0000000087500000, 0x0000000087500000, 0x0000000087600000|  0%| F|  |TAMS 0x0000000087500000, 0x0000000087500000| Untracked 
| 118|0x0000000087600000, 0x00000000876ead80, 0x0000000087700000| 91%| E|  |TAMS 0x0000000087600000, 0x0000000087600000| Complete 
| 119|0x0000000087700000, 0x0000000087800000, 0x0000000087800000|100%| E|CS|TAMS 0x0000000087700000, 0x0000000087700000| Complete 
| 120|0x0000000087800000, 0x0000000087900000, 0x0000000087900000|100%| E|CS|TAMS 0x0000000087800000, 0x0000000087800000| Complete 
| 121|0x0000000087900000, 0x0000000087a00000, 0x0000000087a00000|100%| E|CS|TAMS 0x0000000087900000, 0x0000000087900000| Complete 
| 122|0x0000000087a00000, 0x0000000087b00000, 0x0000000087b00000|100%| E|CS|TAMS 0x0000000087a00000, 0x0000000087a00000| Complete 
| 123|0x0000000087b00000, 0x0000000087c00000, 0x0000000087c00000|100%| E|  |TAMS 0x0000000087b00000, 0x0000000087b00000| Complete 
| 124|0x0000000087c00000, 0x0000000087d00000, 0x0000000087d00000|100%| E|CS|TAMS 0x0000000087c00000, 0x0000000087c00000| Complete 
| 125|0x0000000087d00000, 0x0000000087e00000, 0x0000000087e00000|100%| E|CS|TAMS 0x0000000087d00000, 0x0000000087d00000| Complete 

Card table byte_map: [0x00000259e15a0000,0x00000259e19a0000] _byte_map_base: 0x00000259e11a0000

Marking Bits (Prev, Next): (CMBitMap*) 0x00000259ce3c08d0, (CMBitMap*) 0x00000259ce3c0898
 Prev Bits: [0x00000259e3da0000, 0x00000259e5da0000)
 Next Bits: [0x00000259e1da0000, 0x00000259e3da0000)

Polling page: 0x00000259cdb60000

Metaspace:

Usage:
  Non-class:     79.81 MB capacity,    78.27 MB ( 98%) used,     1.28 MB (  2%) free+waste,   261.94 KB ( <1%) overhead. 
      Class:     12.35 MB capacity,    11.44 MB ( 93%) used,   813.52 KB (  6%) free+waste,   121.38 KB ( <1%) overhead. 
       Both:     92.16 MB capacity,    89.71 MB ( 97%) used,     2.08 MB (  2%) free+waste,   383.31 KB ( <1%) overhead. 

Virtual space:
  Non-class space:       80.00 MB reserved,      80.00 MB (100%) committed 
      Class space:        1.00 GB reserved,      12.38 MB (  1%) committed 
             Both:        1.08 GB reserved,      92.38 MB (  8%) committed 

Chunk freelists:
   Non-Class:  2.00 KB
       Class:  0 bytes
        Both:  2.00 KB

MaxMetaspaceSize: 17179869184.00 GB
CompressedClassSpaceSize: 1.00 GB

CodeHeap 'non-profiled nmethods': size=120000Kb used=6208Kb max_used=6208Kb free=113791Kb
 bounds [0x00000259d9940000, 0x00000259d9f60000, 0x00000259e0e70000]
CodeHeap 'profiled nmethods': size=120000Kb used=22077Kb max_used=22077Kb free=97922Kb
 bounds [0x00000259d2410000, 0x00000259d39a0000, 0x00000259d9940000]
CodeHeap 'non-nmethods': size=5760Kb used=2291Kb max_used=2331Kb free=3468Kb
 bounds [0x00000259d1e70000, 0x00000259d20e0000, 0x00000259d2410000]
 total_blobs=10777 nmethods=9883 adapters=805
 compilation: enabled
              stopped_count=0, restarted_count=0
 full_count=0

Compilation events (20 events):
Event: 34.144 Thread 0x00000259e8827800 nmethod 9859 0x00000259d3970b90 code [0x00000259d3970d80, 0x00000259d39710d8]
Event: 34.144 Thread 0x00000259e8827800 9860       3       org.gradle.api.internal.artifacts.ivyservice.resolveengine.graph.builder.DependencyState::maybeAddReason (37 bytes)
Event: 34.144 Thread 0x00000259e8827800 nmethod 9860 0x00000259d3971290 code [0x00000259d3971480, 0x00000259d3971878]
Event: 34.144 Thread 0x00000259e8827800 9862       3       org.gradle.api.internal.artifacts.ivyservice.resolveengine.ComponentResolversChain$DependencyToComponentIdResolverChain::resolve (58 bytes)
Event: 34.144 Thread 0x00000259e8827800 nmethod 9862 0x00000259d3971990 code [0x00000259d3971b80, 0x00000259d3971f58]
Event: 34.144 Thread 0x00000259e8827800 9861       3       org.gradle.internal.resolve.result.DefaultBuildableComponentIdResolveResult::<init> (5 bytes)
Event: 34.145 Thread 0x00000259e8827800 nmethod 9861 0x00000259d3972110 code [0x00000259d3972340, 0x00000259d3972988]
Event: 34.145 Thread 0x00000259e8827800 9863       3       org.gradle.api.internal.artifacts.ivyservice.resolveengine.graph.conflicts.DefaultConflictHandler::registerCandidate (9 bytes)
Event: 34.145 Thread 0x00000259e8827800 nmethod 9863 0x00000259d3972c10 code [0x00000259d3972de0, 0x00000259d3973028]
Event: 34.150 Thread 0x00000259e8827800 9864       1       org.gradle.api.internal.artifacts.dsl.DefaultComponentMetadataContext::getDetails (5 bytes)
Event: 34.150 Thread 0x00000259e8827800 nmethod 9864 0x00000259d9f4bc90 code [0x00000259d9f4be40, 0x00000259d9f4bef8]
Event: 34.152 Thread 0x00000259e8827800 9865       3       org.gradle.api.internal.artifacts.ivyservice.ivyresolve.ErrorHandlingModuleComponentRepository$ErrorHandlingModuleComponentRepositoryAccess$$Lambda$470/0x000000010066c840::run (20 bytes)
Event: 34.152 Thread 0x00000259e8827800 nmethod 9865 0x00000259d3973110 code [0x00000259d39732e0, 0x00000259d3973528]
Event: 34.152 Thread 0x00000259e8827800 9866       3       org.gradle.api.internal.artifacts.ivyservice.ivyresolve.ErrorHandlingModuleComponentRepository$ErrorHandlingModuleComponentRepositoryAccess::lambda$resolveComponentMetaData$5 (13 bytes)
Event: 34.152 Thread 0x00000259e8827800 nmethod 9866 0x00000259d3973690 code [0x00000259d3973840, 0x00000259d3973a08]
Event: 34.152 Thread 0x00000259e8827800 9867       3       org.gradle.api.internal.artifacts.ivyservice.ivyresolve.CachingModuleComponentRepository$LocateInCacheRepositoryAccess::resolveComponentMetaData (38 bytes)
Event: 34.153 Thread 0x00000259e8827800 nmethod 9867 0x00000259d3973b10 code [0x00000259d3973d00, 0x00000259d3974118]
Event: 34.153 Thread 0x00000259e8827800 9868       3       org.gradle.api.internal.artifacts.repositories.resolver.ExternalResourceResolver$LocalRepositoryAccess::resolveComponentMetaData (1 bytes)
Event: 34.153 Thread 0x00000259e8827800 nmethod 9868 0x00000259d3974310 code [0x00000259d39744c0, 0x00000259d39745b8]
Event: 34.153 Thread 0x00000259e8827800 9869       3       org.gradle.api.internal.artifacts.ivyservice.ivyresolve.CachingModuleComponentRepository$LocateInCacheRepositoryAccess::resolveComponentMetaDataFromCache (406 bytes)

GC Heap History (20 events):
Event: 28.625 GC heap before
{Heap before GC invocations=31 (full 0):
 garbage-first heap   total 129024K, used 107647K [0x0000000080000000, 0x0000000100000000)
  region size 1024K, 23 young (23552K), 3 survivors (3072K)
 Metaspace       used 79159K, capacity 81261K, committed 81536K, reserved 1120256K
  class space    used 10152K, capacity 10848K, committed 10880K, reserved 1048576K
}
Event: 28.632 GC heap after
{Heap after GC invocations=32 (full 0):
 garbage-first heap   total 129024K, used 88820K [0x0000000080000000, 0x0000000100000000)
  region size 1024K, 2 young (2048K), 2 survivors (2048K)
 Metaspace       used 79159K, capacity 81261K, committed 81536K, reserved 1120256K
  class space    used 10152K, capacity 10848K, committed 10880K, reserved 1048576K
}
Event: 28.905 GC heap before
{Heap before GC invocations=33 (full 0):
 garbage-first heap   total 129024K, used 101108K [0x0000000080000000, 0x0000000100000000)
  region size 1024K, 16 young (16384K), 2 survivors (2048K)
 Metaspace       used 81187K, capacity 83207K, committed 83328K, reserved 1122304K
  class space    used 10387K, capacity 11070K, committed 11136K, reserved 1048576K
}
Event: 28.912 GC heap after
{Heap after GC invocations=34 (full 0):
 garbage-first heap   total 129024K, used 89903K [0x0000000080000000, 0x0000000100000000)
  region size 1024K, 2 young (2048K), 2 survivors (2048K)
 Metaspace       used 81187K, capacity 83207K, committed 83328K, reserved 1122304K
  class space    used 10387K, capacity 11070K, committed 11136K, reserved 1048576K
}
Event: 29.309 GC heap before
{Heap before GC invocations=35 (full 0):
 garbage-first heap   total 129024K, used 108335K [0x0000000080000000, 0x0000000100000000)
  region size 1024K, 19 young (19456K), 2 survivors (2048K)
 Metaspace       used 83906K, capacity 85942K, committed 86144K, reserved 1124352K
  class space    used 10682K, capacity 11363K, committed 11392K, reserved 1048576K
}
Event: 29.312 GC heap after
{Heap after GC invocations=36 (full 0):
 garbage-first heap   total 129024K, used 89680K [0x0000000080000000, 0x0000000100000000)
  region size 1024K, 1 young (1024K), 1 survivors (1024K)
 Metaspace       used 83906K, capacity 85942K, committed 86144K, reserved 1124352K
  class space    used 10682K, capacity 11363K, committed 11392K, reserved 1048576K
}
Event: 30.025 GC heap before
{Heap before GC invocations=36 (full 0):
 garbage-first heap   total 129024K, used 109136K [0x0000000080000000, 0x0000000100000000)
  region size 1024K, 20 young (20480K), 1 survivors (1024K)
 Metaspace       used 86781K, capacity 88868K, committed 89088K, reserved 1126400K
  class space    used 11065K, capacity 11752K, committed 11776K, reserved 1048576K
}
Event: 30.031 GC heap after
{Heap after GC invocations=37 (full 0):
 garbage-first heap   total 129024K, used 90803K [0x0000000080000000, 0x0000000100000000)
  region size 1024K, 2 young (2048K), 2 survivors (2048K)
 Metaspace       used 86781K, capacity 88868K, committed 89088K, reserved 1126400K
  class space    used 11065K, capacity 11752K, committed 11776K, reserved 1048576K
}
Event: 30.459 GC heap before
{Heap before GC invocations=38 (full 0):
 garbage-first heap   total 129024K, used 109235K [0x0000000080000000, 0x0000000100000000)
  region size 1024K, 20 young (20480K), 2 survivors (2048K)
 Metaspace       used 88685K, capacity 90819K, committed 91008K, reserved 1128448K
  class space    used 11283K, capacity 12033K, committed 12160K, reserved 1048576K
}
Event: 30.463 GC heap after
{Heap after GC invocations=39 (full 0):
 garbage-first heap   total 129024K, used 91858K [0x0000000080000000, 0x0000000100000000)
  region size 1024K, 3 young (3072K), 3 survivors (3072K)
 Metaspace       used 88685K, capacity 90819K, committed 91008K, reserved 1128448K
  class space    used 11283K, capacity 12033K, committed 12160K, reserved 1048576K
}
Event: 31.186 GC heap before
{Heap before GC invocations=39 (full 0):
 garbage-first heap   total 129024K, used 109266K [0x0000000080000000, 0x0000000100000000)
  region size 1024K, 20 young (20480K), 3 survivors (3072K)
 Metaspace       used 89711K, capacity 91902K, committed 92160K, reserved 1128448K
  class space    used 11391K, capacity 12174K, committed 12288K, reserved 1048576K
}
Event: 31.193 GC heap after
{Heap after GC invocations=40 (full 0):
 garbage-first heap   total 129024K, used 93350K [0x0000000080000000, 0x0000000100000000)
  region size 1024K, 3 young (3072K), 3 survivors (3072K)
 Metaspace       used 89711K, capacity 91902K, committed 92160K, reserved 1128448K
  class space    used 11391K, capacity 12174K, committed 12288K, reserved 1048576K
}
Event: 33.430 GC heap before
{Heap before GC invocations=41 (full 0):
 garbage-first heap   total 129024K, used 109734K [0x0000000080000000, 0x0000000100000000)
  region size 1024K, 19 young (19456K), 3 survivors (3072K)
 Metaspace       used 90750K, capacity 93121K, committed 93440K, reserved 1130496K
  class space    used 11586K, capacity 12450K, committed 12544K, reserved 1048576K
}
Event: 33.436 GC heap after
{Heap after GC invocations=42 (full 0):
 garbage-first heap   total 129024K, used 94253K [0x0000000080000000, 0x0000000100000000)
  region size 1024K, 3 young (3072K), 3 survivors (3072K)
 Metaspace       used 90750K, capacity 93121K, committed 93440K, reserved 1130496K
  class space    used 11586K, capacity 12450K, committed 12544K, reserved 1048576K
}
Event: 33.581 GC heap before
{Heap before GC invocations=42 (full 0):
 garbage-first heap   total 129024K, used 109613K [0x0000000080000000, 0x0000000100000000)
  region size 1024K, 19 young (19456K), 3 survivors (3072K)
 Metaspace       used 91081K, capacity 93552K, committed 93824K, reserved 1130496K
  class space    used 11645K, capacity 12556K, committed 12672K, reserved 1048576K
}
Event: 33.586 GC heap after
{Heap after GC invocations=43 (full 0):
 garbage-first heap   total 129024K, used 95702K [0x0000000080000000, 0x0000000100000000)
  region size 1024K, 3 young (3072K), 3 survivors (3072K)
 Metaspace       used 91081K, capacity 93552K, committed 93824K, reserved 1130496K
  class space    used 11645K, capacity 12556K, committed 12672K, reserved 1048576K
}
Event: 33.927 GC heap before
{Heap before GC invocations=44 (full 0):
 garbage-first heap   total 129024K, used 110038K [0x0000000080000000, 0x0000000100000000)
  region size 1024K, 18 young (18432K), 3 survivors (3072K)
 Metaspace       used 91253K, capacity 93741K, committed 93824K, reserved 1130496K
  class space    used 11648K, capacity 12591K, committed 12672K, reserved 1048576K
}
Event: 33.931 GC heap after
{Heap after GC invocations=45 (full 0):
 garbage-first heap   total 129024K, used 96584K [0x0000000080000000, 0x0000000100000000)
  region size 1024K, 3 young (3072K), 3 survivors (3072K)
 Metaspace       used 91253K, capacity 93741K, committed 93824K, reserved 1130496K
  class space    used 11648K, capacity 12591K, committed 12672K, reserved 1048576K
}
Event: 34.055 GC heap before
{Heap before GC invocations=45 (full 0):
 garbage-first heap   total 129024K, used 109896K [0x0000000080000000, 0x0000000100000000)
  region size 1024K, 17 young (17408K), 3 survivors (3072K)
 Metaspace       used 91467K, capacity 93898K, committed 94080K, reserved 1130496K
  class space    used 11664K, capacity 12595K, committed 12672K, reserved 1048576K
}
Event: 34.058 GC heap after
{Heap after GC invocations=46 (full 0):
 garbage-first heap   total 129024K, used 97368K [0x0000000080000000, 0x0000000100000000)
  region size 1024K, 2 young (2048K), 2 survivors (2048K)
 Metaspace       used 91467K, capacity 93898K, committed 94080K, reserved 1130496K
  class space    used 11664K, capacity 12595K, committed 12672K, reserved 1048576K
}

Deoptimization events (20 events):
Event: 33.922 Thread 0x00000259ebbba000 Uncommon trap: trap_request=0xffffff4d fr.pc=0x00000259d9a15b24 relative=0x0000000000001224
Event: 33.922 Thread 0x00000259ef125000 Uncommon trap: trap_request=0xffffff4d fr.pc=0x00000259d9a15c08 relative=0x0000000000001308
Event: 33.922 Thread 0x00000259ebbba000 Uncommon trap: reason=unstable_if action=reinterpret pc=0x00000259d9a15b24 method=java.util.concurrent.ConcurrentHashMap.transfer([Ljava/util/concurrent/ConcurrentHashMap$Node;[Ljava/util/concurrent/ConcurrentHashMap$Node;)V @ 347 c2
Event: 33.922 Thread 0x00000259ef125000 Uncommon trap: reason=unstable_if action=reinterpret pc=0x00000259d9a15c08 method=java.util.concurrent.ConcurrentHashMap.transfer([Ljava/util/concurrent/ConcurrentHashMap$Node;[Ljava/util/concurrent/ConcurrentHashMap$Node;)V @ 34 c2
Event: 33.922 Thread 0x00000259ebbba000 DEOPT PACKING pc=0x00000259d9a15b24 sp=0x0000006b767f7470
Event: 33.922 Thread 0x00000259ef125000 DEOPT PACKING pc=0x00000259d9a15c08 sp=0x0000006b78bfd5f0
Event: 33.922 Thread 0x00000259ef125000 DEOPT UNPACKING pc=0x00000259d1e978af sp=0x0000006b78bfd598 mode 2
Event: 33.922 Thread 0x00000259ebbba000 DEOPT UNPACKING pc=0x00000259d1e978af sp=0x0000006b767f7400 mode 2
Event: 33.982 Thread 0x00000259ef122800 DEOPT PACKING pc=0x00000259d35f9444 sp=0x0000006b78cfbd40
Event: 33.982 Thread 0x00000259ef122800 DEOPT UNPACKING pc=0x00000259d1e976ce sp=0x0000006b78cfb2e0 mode 0
Event: 34.019 Thread 0x00000259ef124800 DEOPT PACKING pc=0x00000259d35f9444 sp=0x0000006b78dfcca0
Event: 34.019 Thread 0x00000259ef124800 DEOPT UNPACKING pc=0x00000259d1e976ce sp=0x0000006b78dfc240 mode 0
Event: 34.052 Thread 0x00000259ef121000 Uncommon trap: trap_request=0xffffffcc fr.pc=0x00000259d9f3d788 relative=0x0000000000000248
Event: 34.052 Thread 0x00000259ef121000 Uncommon trap: reason=intrinsic_or_type_checked_inlining action=make_not_entrant pc=0x00000259d9f3d788 method=java.util.Arrays.copyOfRange([Ljava/lang/Object;IILjava/lang/Class;)[Ljava/lang/Object; @ 83 c2
Event: 34.052 Thread 0x00000259ef121000 DEOPT PACKING pc=0x00000259d9f3d788 sp=0x0000006b789fbda0
Event: 34.052 Thread 0x00000259ef121000 DEOPT UNPACKING pc=0x00000259d1e978af sp=0x0000006b789fbd20 mode 2
Event: 34.075 Thread 0x00000259ebebb000 DEOPT PACKING pc=0x00000259d35f9444 sp=0x0000006b775fd0e0
Event: 34.075 Thread 0x00000259ebebb000 DEOPT UNPACKING pc=0x00000259d1e976ce sp=0x0000006b775fc680 mode 0
Event: 34.116 Thread 0x00000259ebbba000 DEOPT PACKING pc=0x00000259d2f81ff1 sp=0x0000006b767f96b0
Event: 34.116 Thread 0x00000259ebbba000 DEOPT UNPACKING pc=0x00000259d1e976ce sp=0x0000006b767f8ba8 mode 0

Classes redefined (0 events):
No events

Internal exceptions (20 events):
Event: 28.641 Thread 0x00000259ebbba000 Exception <a 'java/lang/ClassNotFoundException'{0x0000000087db8720}: org/gradle/api/plugins/BasePluginConventionCustomizer> (0x0000000087db8720) thrown at [./src/hotspot/share/classfile/systemDictionary.cpp, line 231]
Event: 28.642 Thread 0x00000259ebbba000 Exception <a 'java/lang/ClassNotFoundException'{0x0000000087de7520}: org/gradle/api/plugins/internal/DefaultBasePluginConventionCustomizer> (0x0000000087de7520) thrown at [./src/hotspot/share/classfile/systemDictionary.cpp, line 231]
Event: 29.086 Thread 0x00000259ebbba000 Exception <a 'sun/nio/fs/WindowsException'{0x0000000087842180}> (0x0000000087842180) thrown at [./src/hotspot/share/prims/jni.cpp, line 615]
Event: 29.087 Thread 0x00000259ebbba000 Exception <a 'sun/nio/fs/WindowsException'{0x0000000087842738}> (0x0000000087842738) thrown at [./src/hotspot/share/prims/jni.cpp, line 615]
Event: 29.216 Thread 0x00000259ebbba000 Exception <a 'java/lang/NullPointerException'{0x0000000086d14e68}> (0x0000000086d14e68) thrown at [./src/hotspot/share/interpreter/linkResolver.cpp, line 1440]
Event: 29.427 Thread 0x00000259ebbba000 Implicit null exception at 0x00000259d9e33389 to 0x00000259d9e33a48
Event: 29.720 Thread 0x00000259ebbba000 Exception <a 'java/lang/NoSuchMethodError'{0x0000000087106378}: 'int java.lang.invoke.DirectMethodHandle$Holder.invokeStatic(java.lang.Object, java.lang.Object, int, java.lang.Object)'> (0x0000000087106378) thrown at [./src/hotspot/share/interpreter/linkResolver.cpp, line 773]
Event: 29.854 Thread 0x00000259ebbba000 Exception <a 'sun/nio/fs/WindowsException'{0x0000000087038af0}> (0x0000000087038af0) thrown at [./src/hotspot/share/prims/jni.cpp, line 615]
Event: 29.855 Thread 0x00000259ebbba000 Exception <a 'sun/nio/fs/WindowsException'{0x0000000087039e68}> (0x0000000087039e68) thrown at [./src/hotspot/share/prims/jni.cpp, line 615]
Event: 29.855 Thread 0x00000259ebbba000 Exception <a 'sun/nio/fs/WindowsException'{0x000000008703b230}> (0x000000008703b230) thrown at [./src/hotspot/share/prims/jni.cpp, line 615]
Event: 29.855 Thread 0x00000259ebbba000 Exception <a 'sun/nio/fs/WindowsException'{0x000000008703c5f8}> (0x000000008703c5f8) thrown at [./src/hotspot/share/prims/jni.cpp, line 615]
Event: 30.292 Thread 0x00000259ebbba000 Exception <a 'java/lang/reflect/InvocationTargetException'{0x00000000874af128}> (0x00000000874af128) thrown at [./src/hotspot/share/runtime/reflection.cpp, line 1247]
Event: 30.395 Thread 0x00000259ebbba000 Implicit null exception at 0x00000259d9e6a705 to 0x00000259d9e6bc4c
Event: 33.382 Thread 0x00000259ef126000 Exception <a 'java/lang/NoSuchMethodError'{0x000000008720b4c8}: 'java.lang.Object java.lang.invoke.DirectMethodHandle$Holder.invokeSpecialIFC(java.lang.Object, java.lang.Object, java.lang.Object)'> (0x000000008720b4c8) thrown at [./src/hotspot/share/interpreter/linkResolver.cpp, line 773]
Event: 33.382 Thread 0x00000259ebbba000 Exception <a 'java/lang/NoSuchMethodError'{0x000000008736a258}: 'java.lang.Object java.lang.invoke.DirectMethodHandle$Holder.invokeSpecialIFC(java.lang.Object, java.lang.Object, java.lang.Object)'> (0x000000008736a258) thrown at [./src/hotspot/share/interpreter/linkResolver.cpp, line 773]
Event: 33.382 Thread 0x00000259ef122000 Exception <a 'java/lang/NoSuchMethodError'{0x000000008720f8d8}: 'java.lang.Object java.lang.invoke.DirectMethodHandle$Holder.invokeSpecialIFC(java.lang.Object, java.lang.Object, java.lang.Object)'> (0x000000008720f8d8) thrown at [./src/hotspot/share/interpreter/linkResolver.cpp, line 773]
Event: 33.382 Thread 0x00000259ebebb000 Exception <a 'java/lang/NoSuchMethodError'{0x0000000087203ac8}: 'java.lang.Object java.lang.invoke.DirectMethodHandle$Holder.invokeSpecialIFC(java.lang.Object, java.lang.Object, java.lang.Object)'> (0x0000000087203ac8) thrown at [./src/hotspot/share/interpreter/linkResolver.cpp, line 773]
Event: 33.382 Thread 0x00000259ef121000 Exception <a 'java/lang/NoSuchMethodError'{0x00000000873e71d8}: 'java.lang.Object java.lang.invoke.DirectMethodHandle$Holder.invokeSpecialIFC(java.lang.Object, java.lang.Object, java.lang.Object)'> (0x00000000873e71d8) thrown at [./src/hotspot/share/interpreter/linkResolver.cpp, line 773]
Event: 33.439 Thread 0x00000259ef126000 Exception <a 'java/lang/NoSuchMethodError'{0x0000000087d2b830}: 'int java.lang.invoke.DirectMethodHandle$Holder.invokeStaticInit(java.lang.Object, java.lang.Object, java.lang.Object, java.lang.Object, java.lang.Object)'> (0x0000000087d2b830) thrown at [./src/hotspot/share/interpreter/linkResolver.cpp, line 773]
Event: 33.762 Thread 0x00000259ef126000 Exception <a 'java/lang/NoSuchMethodError'{0x00000000879b3a58}: 'void java.lang.invoke.DirectMethodHandle$Holder.invokeVirtual(java.lang.Object, java.lang.Object)'> (0x00000000879b3a58) thrown at [./src/hotspot/share/interpreter/linkResolver.cpp, line 773]

Events (20 events):
Event: 34.113 loading class com/android/builder/core/DefaultManifestParser$1
Event: 34.113 loading class com/android/builder/core/DefaultManifestParser$1 done
Event: 34.115 loading class com/android/builder/core/DefaultManifestParser$Attribute
Event: 34.115 loading class com/android/builder/core/DefaultManifestParser$Attribute done
Event: 34.117 loading class com/android/manifmerger/PlaceholderHandler
Event: 34.117 loading class com/android/manifmerger/PlaceholderHandler done
Event: 34.118 loading class com/google/common/collect/AbstractMapBasedMultimap$WrappedCollection$WrappedIterator
Event: 34.118 loading class com/google/common/collect/AbstractMapBasedMultimap$WrappedCollection$WrappedIterator done
Event: 34.119 loading class com/android/build/gradle/internal/ide/dependencies/LibraryDependencyCacheBuildService
Event: 34.119 loading class com/android/build/gradle/internal/ide/dependencies/LibraryDependencyCacheBuildService done
Event: 34.119 loading class com/android/builder/model/JavaArtifact
Event: 34.119 loading class com/android/builder/model/JavaArtifact done
Event: 34.119 loading class com/android/build/gradle/internal/ide/JavaArtifactImpl
Event: 34.119 loading class com/android/build/gradle/internal/ide/JavaArtifactImpl done
Event: 34.120 loading class com/android/builder/model/JavaArtifact
Event: 34.120 loading class com/android/builder/model/JavaArtifact done
Event: 34.120 loading class com/android/build/gradle/internal/ide/ModelBuilder
Event: 34.120 loading class com/android/build/gradle/internal/ide/ModelBuilder done
Event: 34.120 loading class com/android/build/gradle/internal/ide/ModelBuilder$1
Event: 34.120 loading class com/android/build/gradle/internal/ide/ModelBuilder$1 done


Dynamic libraries:
0x00007ff7b3210000 - 0x00007ff7b321a000 	C:\Program Files\Android\Android Studio\jre\bin\java.exe
0x00007ffa57010000 - 0x00007ffa57205000 	C:\WINDOWS\SYSTEM32\ntdll.dll
0x00007ffa56af0000 - 0x00007ffa56bae000 	C:\WINDOWS\System32\KERNEL32.DLL
0x00007ffa54900000 - 0x00007ffa54bc8000 	C:\WINDOWS\System32\KERNELBASE.dll
0x00007ffa40bf0000 - 0x00007ffa40c09000 	C:\Program Files\Android\Android Studio\jre\bin\jli.dll
0x00007ffa56940000 - 0x00007ffa56ae1000 	C:\WINDOWS\System32\USER32.dll
0x00007ffa548d0000 - 0x00007ffa548f2000 	C:\WINDOWS\System32\win32u.dll
0x00007ffa55d60000 - 0x00007ffa55d8b000 	C:\WINDOWS\System32\GDI32.dll
0x00007ffa54eb0000 - 0x00007ffa54fbb000 	C:\WINDOWS\System32\gdi32full.dll
0x00007ffa54fc0000 - 0x00007ffa5505d000 	C:\WINDOWS\System32\msvcp_win.dll
0x00007ffa54db0000 - 0x00007ffa54eb0000 	C:\WINDOWS\System32\ucrtbase.dll
0x00007ffa42560000 - 0x00007ffa42577000 	C:\Program Files\Android\Android Studio\jre\bin\VCRUNTIME140.dll
0x00007ffa3f340000 - 0x00007ffa3f5da000 	C:\WINDOWS\WinSxS\amd64_microsoft.windows.common-controls_6595b64144ccf1df_6.0.19041.1110_none_60b5254171f9507e\COMCTL32.dll
0x00007ffa55060000 - 0x00007ffa550fe000 	C:\WINDOWS\System32\msvcrt.dll
0x00007ffa551e0000 - 0x00007ffa55210000 	C:\WINDOWS\System32\IMM32.DLL
0x00007ffa1caa0000 - 0x00007ffa1cb3d000 	C:\Program Files\Android\Android Studio\jre\bin\msvcp140.dll
0x00007ff9e9400000 - 0x00007ff9e9ecf000 	C:\Program Files\Android\Android Studio\jre\bin\server\jvm.dll
0x00007ffa55b10000 - 0x00007ffa55bbc000 	C:\WINDOWS\System32\ADVAPI32.dll
0x00007ffa56da0000 - 0x00007ffa56e3b000 	C:\WINDOWS\System32\sechost.dll
0x00007ffa563b0000 - 0x00007ffa564da000 	C:\WINDOWS\System32\RPCRT4.dll
0x00007ffa553c0000 - 0x00007ffa553c8000 	C:\WINDOWS\System32\PSAPI.DLL
0x00007ffa3b910000 - 0x00007ffa3b919000 	C:\WINDOWS\SYSTEM32\WSOCK32.dll
0x00007ffa56570000 - 0x00007ffa565db000 	C:\WINDOWS\System32\WS2_32.dll
0x00007ffa40370000 - 0x00007ffa40397000 	C:\WINDOWS\SYSTEM32\WINMM.dll
0x00007ffa4db50000 - 0x00007ffa4db5a000 	C:\WINDOWS\SYSTEM32\VERSION.dll
0x00007ffa52fc0000 - 0x00007ffa52fd2000 	C:\WINDOWS\SYSTEM32\kernel.appcore.dll
0x00007ffa4fc60000 - 0x00007ffa4fc71000 	C:\Program Files\Android\Android Studio\jre\bin\verify.dll
0x00007ffa52500000 - 0x00007ffa526e4000 	C:\WINDOWS\SYSTEM32\DBGHELP.DLL
0x00007ffa3b920000 - 0x00007ffa3b94c000 	C:\WINDOWS\SYSTEM32\dbgcore.DLL
0x00007ffa54730000 - 0x00007ffa547b3000 	C:\WINDOWS\System32\bcryptPrimitives.dll
0x00007ffa3fda0000 - 0x00007ffa3fdc9000 	C:\Program Files\Android\Android Studio\jre\bin\java.dll
0x00007ffa4f890000 - 0x00007ffa4f89b000 	C:\Program Files\Android\Android Studio\jre\bin\jimage.dll
0x00007ffa42580000 - 0x00007ffa42598000 	C:\Program Files\Android\Android Studio\jre\bin\zip.dll
0x00007ffa553d0000 - 0x00007ffa55b0f000 	C:\WINDOWS\System32\SHELL32.dll
0x00007ffa526f0000 - 0x00007ffa52e80000 	C:\WINDOWS\SYSTEM32\windows.storage.dll
0x00007ffa565e0000 - 0x00007ffa56935000 	C:\WINDOWS\System32\combase.dll
0x00007ffa54110000 - 0x00007ffa5413e000 	C:\WINDOWS\SYSTEM32\Wldp.dll
0x00007ffa56bb0000 - 0x00007ffa56c5d000 	C:\WINDOWS\System32\SHCORE.dll
0x00007ffa56f70000 - 0x00007ffa56fc5000 	C:\WINDOWS\System32\shlwapi.dll
0x00007ffa54670000 - 0x00007ffa5468f000 	C:\WINDOWS\SYSTEM32\profapi.dll
0x00007ffa40c10000 - 0x00007ffa40c2a000 	C:\Program Files\Android\Android Studio\jre\bin\net.dll
0x00007ffa42950000 - 0x00007ffa42a5c000 	C:\WINDOWS\SYSTEM32\WINHTTP.dll
0x00007ffa53e10000 - 0x00007ffa53e7a000 	C:\WINDOWS\system32\mswsock.dll
0x00007ffa40580000 - 0x00007ffa40594000 	C:\Program Files\Android\Android Studio\jre\bin\nio.dll
0x00007ffa34250000 - 0x00007ffa34277000 	C:\Users\ASUS\.gradle\native\8bec1ad78214c89d9ad589b4d07fe93259594b29d510b10fafb7a158f7737e5d\windows-amd64\native-platform.dll
0x00007ffa20d50000 - 0x00007ffa20e8d000 	C:\Users\ASUS\.gradle\native\53dbd7edfb1c66fb8903c78663c9afc45aea4f116125fa6feffd364cf09443e8\windows-amd64\native-platform-file-events.dll
0x00007ffa4e720000 - 0x00007ffa4e72a000 	C:\Program Files\Android\Android Studio\jre\bin\management.dll
0x00007ffa4d520000 - 0x00007ffa4d52c000 	C:\Program Files\Android\Android Studio\jre\bin\management_ext.dll
0x00007ffa54000000 - 0x00007ffa54018000 	C:\WINDOWS\SYSTEM32\CRYPTSP.dll
0x00007ffa53790000 - 0x00007ffa537c4000 	C:\WINDOWS\system32\rsaenh.dll
0x00007ffa54d30000 - 0x00007ffa54d57000 	C:\WINDOWS\System32\bcrypt.dll
0x00007ffa545f0000 - 0x00007ffa5461e000 	C:\WINDOWS\SYSTEM32\USERENV.dll
0x00007ffa54020000 - 0x00007ffa5402c000 	C:\WINDOWS\SYSTEM32\CRYPTBASE.dll
0x00007ffa53b00000 - 0x00007ffa53b3b000 	C:\WINDOWS\SYSTEM32\IPHLPAPI.DLL
0x00007ffa56d90000 - 0x00007ffa56d98000 	C:\WINDOWS\System32\NSI.dll
0x00007ffa4dbe0000 - 0x00007ffa4dbf7000 	C:\WINDOWS\SYSTEM32\dhcpcsvc6.DLL
0x00007ffa4e130000 - 0x00007ffa4e14d000 	C:\WINDOWS\SYSTEM32\dhcpcsvc.DLL
0x00007ffa53b40000 - 0x00007ffa53c0b000 	C:\WINDOWS\SYSTEM32\DNSAPI.dll

dbghelp: loaded successfully - version: 4.0.5 - missing functions: none
symbol engine: initialized successfully - sym options: 0x614 - pdb path: .;C:\Program Files\Android\Android Studio\jre\bin;C:\WINDOWS\SYSTEM32;C:\WINDOWS\WinSxS\amd64_microsoft.windows.common-controls_6595b64144ccf1df_6.0.19041.1110_none_60b5254171f9507e;C:\Program Files\Android\Android Studio\jre\bin\server;C:\Users\ASUS\.gradle\native\8bec1ad78214c89d9ad589b4d07fe93259594b29d510b10fafb7a158f7737e5d\windows-amd64;C:\Users\ASUS\.gradle\native\53dbd7edfb1c66fb8903c78663c9afc45aea4f116125fa6feffd364cf09443e8\windows-amd64

VM Arguments:
jvm_args: --add-opens=java.base/java.util=ALL-UNNAMED --add-opens=java.base/java.lang=ALL-UNNAMED --add-opens=java.base/java.lang.invoke=ALL-UNNAMED --add-opens=java.base/java.util=ALL-UNNAMED --add-opens=java.prefs/java.util.prefs=ALL-UNNAMED --add-opens=java.prefs/java.util.prefs=ALL-UNNAMED --add-opens=java.base/java.nio.charset=ALL-UNNAMED --add-opens=java.base/java.net=ALL-UNNAMED --add-opens=java.base/java.util.concurrent.atomic=ALL-UNNAMED -Xmx2048m -Dfile.encoding=UTF-8 -Duser.country=IN -Duser.language=en -Duser.variant 
java_command: org.gradle.launcher.daemon.bootstrap.GradleDaemon 7.0.2
java_class_path (initial): C:\Users\ASUS\.gradle\wrapper\dists\gradle-7.0.2-bin\857tjihv64xamwrf0h14cai3r\gradle-7.0.2\lib\gradle-launcher-7.0.2.jar
Launcher Type: SUN_STANDARD

[Global flags]
     intx CICompilerCount                          = 4                                         {product} {ergonomic}
     uint ConcGCThreads                            = 2                                         {product} {ergonomic}
     uint G1ConcRefinementThreads                  = 8                                         {product} {ergonomic}
   size_t G1HeapRegionSize                         = 1048576                                   {product} {ergonomic}
    uintx GCDrainStackTargetSize                   = 64                                        {product} {ergonomic}
   size_t InitialHeapSize                          = 132120576                                 {product} {ergonomic}
   size_t MarkStackSize                            = 4194304                                   {product} {ergonomic}
   size_t MaxHeapSize                              = 2147483648                                {product} {command line}
   size_t MaxNewSize                               = 1287651328                                {product} {ergonomic}
   size_t MinHeapDeltaBytes                        = 1048576                                   {product} {ergonomic}
    uintx NonNMethodCodeHeapSize                   = 5836300                                {pd product} {ergonomic}
    uintx NonProfiledCodeHeapSize                  = 122910970                              {pd product} {ergonomic}
    uintx ProfiledCodeHeapSize                     = 122910970                              {pd product} {ergonomic}
    uintx ReservedCodeCacheSize                    = 251658240                              {pd product} {ergonomic}
     bool SegmentedCodeCache                       = true                                      {product} {ergonomic}
     bool UseCompressedClassPointers               = true                                 {lp64_product} {ergonomic}
     bool UseCompressedOops                        = true                                 {lp64_product} {ergonomic}
     bool UseG1GC                                  = true                                      {product} {ergonomic}
     bool UseLargePagesIndividualAllocation        = false                                  {pd product} {ergonomic}

Logging:
Log output configuration:
 #0: stdout all=warning uptime,level,tags
 #1: stderr all=off uptime,level,tags

Environment Variables:
JAVA_HOME=C:\Program Files\Java\jdk-14\bin
PATH=C:\WINDOWS\system32;C:\WINDOWS;C:\WINDOWS\System32\Wbem;C:\WINDOWS\System32\WindowsPowerShell\v1.0\;C:\WINDOWS\System32\OpenSSH\;C:\Program Files\dotnet\;C:\Program Files (x86)\Microsoft SQL Server\100\Tools\Binn\;C:\Program Files\Microsoft SQL Server\100\Tools\Binn\;C:\Program Files\Microsoft SQL Server\100\DTS\Binn\;C:\Program Files\Java\jdk-14\bin;C:\Users\ASUS\anaconda3\Library\bin;C:\Users\ASUS\anaconda3\Scripts;C:\Users\ASUS\anaconda3\condabin;C:\Users\ASUS\anaconda3\envs\ml_tutorial\Lib\site-packages;C:\Program Files (x86)\dotnet\;C:\Program Files\Git\cmd;C:\oracle\instantclient_19_10;C:\Users\ASUS\anaconda3\Lib\site-packages;C:\Users\ASUS\anaconda3;C:\Users\ASUS\AppData\Local\Programs\Python\Python39\python.exe;C:\Users\ASUS\AppData\Local\Programs\Python\Python39\Scripts\;C:\Users\ASUS\AppData\Local\Programs\Python\Python39\;C:\Program Files\MySQL\MySQL Shell 8.0\bin\;C:\Users\ASUS\AppData\Local\Microsoft\WindowsApps;E:\PyCharm Community Edition 2020.1\bin;C:\Users\ASUS\AppData\Local\atom\bin;C:\Program Files\MongoDB\Server\5.0\bin\;
USERNAME=ASUS
OS=Windows_NT
PROCESSOR_IDENTIFIER=Intel64 Family 6 Model 158 Stepping 10, GenuineIntel



---------------  S Y S T E M  ---------------

OS: Windows 10 , 64 bit Build 19041 (10.0.19041.1348)
OS uptime: 1 days 21:55 hours

CPU:total 8 (initial active 8) (4 cores per cpu, 2 threads per core) family 6 model 158 stepping 10 microcode 0xca, cmov, cx8, fxsr, mmx, sse, sse2, sse3, ssse3, sse4.1, sse4.2, popcnt, avx, avx2, aes, clmul, erms, 3dnowpref, lzcnt, ht, tsc, tscinvbit, bmi1, bmi2, adx, fma

Memory: 4k page, system-wide physical 8043M (480M free)
TotalPageFile size 14699M (AvailPageFile size 2853M)
current process WorkingSet (physical memory assigned to process): 380M, peak: 382M
current process commit charge ("private bytes"): 421M, peak: 423M

vm_info: OpenJDK 64-Bit Server VM (11.0.10+0-b96-7249189) for windows-amd64 JRE (11.0.10+0-b96-7249189), built on Mar 31 2021 21:44:00 by "builder" with MS VC++ 14.0 (VS2015)

END.
