#
# A fatal error has been detected by the Java Runtime Environment:
#
#  EXCEPTION_ACCESS_VIOLATION (0xc0000005) at pc=0x00007ff9e958ca54, pid=868, tid=17432
#
# JRE version: OpenJDK Runtime Environment (11.0.10) (build 11.0.10+0-b96-7249189)
# Java VM: OpenJDK 64-Bit Server VM (11.0.10+0-b96-7249189, mixed mode, tiered, compressed oops, g1 gc, windows-amd64)
# Problematic frame:
# V  [jvm.dll+0x18ca54]
#
# No core dump will be written. Minidumps are not enabled by default on client versions of Windows
#
# If you would like to submit a bug report, please visit:
#   https://bugreport.java.com/bugreport/crash.jsp
#

---------------  S U M M A R Y ------------

Command Line: --add-opens=java.base/java.util=ALL-UNNAMED --add-opens=java.base/java.lang=ALL-UNNAMED --add-opens=java.base/java.lang.invoke=ALL-UNNAMED --add-opens=java.base/java.util=ALL-UNNAMED --add-opens=java.prefs/java.util.prefs=ALL-UNNAMED --add-opens=java.prefs/java.util.prefs=ALL-UNNAMED --add-opens=java.base/java.nio.charset=ALL-UNNAMED --add-opens=java.base/java.net=ALL-UNNAMED --add-opens=java.base/java.util.concurrent.atomic=ALL-UNNAMED -Xmx2048m -Dfile.encoding=UTF-8 -Duser.country=IN -Duser.language=en -Duser.variant org.gradle.launcher.daemon.bootstrap.GradleDaemon 7.0.2

Host: Intel(R) Core(TM) i5-8300H CPU @ 2.30GHz, 8 cores, 7G,  Windows 10 , 64 bit Build 19041 (10.0.19041.1348)
Time: Thu Dec 16 01:18:09 2021 India Standard Time elapsed time: 16.380888 seconds (0d 0h 0m 16s)

---------------  T H R E A D  ---------------

Current thread (0x000001afff81a000):  GCTaskThread "GC Thread#2" [stack: 0x000000a471600000,0x000000a471700000] [id=17432]

Stack: [0x000000a471600000,0x000000a471700000],  sp=0x000000a4716ff0d8,  free space=1020k
Native frames: (J=compiled Java code, j=interpreted, Vv=VM code, C=native code)
V  [jvm.dll+0x18ca54]


siginfo: EXCEPTION_ACCESS_VIOLATION (0xc0000005), reading address 0x0000000000000110


Register to memory mapping:

RIP=0x00007ff9e958ca54 jvm.dll
RAX=0x0 is NULL
RBX=0x0000000081742308 is an oop: 
[error occurred during error reporting (printing register info), id 0xc0000005, EXCEPTION_ACCESS_VIOLATION (0xc0000005) at pc=0x00007ff9e99da02d]

Registers:
RAX=0x0000000000000000, RBX=0x0000000081742308, RCX=0x0000000100082070, RDX=0x0000000081742308
RSP=0x000000a4716ff0d8, RBP=0x000001aff2f8d078, RSI=0x0000000081742308, RDI=0x0000000081742400
R8 =0x0000000000000000, R9 =0x0000000100082070, R10=0x000001aff2f8d020, R11=0x000001aff6d3b9fa
R12=0x0000000081742a00, R13=0x0000000000000001, R14=0x000001aff2f8d020, R15=0x000000000000ba12
RIP=0x00007ff9e958ca54, EFLAGS=0x0000000000010246

Top of Stack: (sp=0x000000a4716ff0d8)
0x000000a4716ff0d8:   00007ff9e9749812 0000000081742308
0x000000a4716ff0e8:   0000000081742308 000000000000b9f9
0x000000a4716ff0f8:   000000008173f200 0000000081742308
0x000000a4716ff108:   00007ff9e96cfb74 000001aff2f8d078
0x000000a4716ff118:   000000000000b9fa 000000000000ba11
0x000000a4716ff128:   00007ff9e9749812 0000000081742a00
0x000000a4716ff138:   000001aff2f8d020 000000a4716ff220
0x000000a4716ff148:   0000000081742a00 000000a4716ff3a8
0x000000a4716ff158:   00007ff9e9749df7 0000000081742310
0x000000a4716ff168:   000001aff2f8d078 000001aff2f8d078
0x000000a4716ff178:   0000000081738ba8 000001aff0d60380
0x000000a4716ff188:   00007ff9e970ba58 000001aff2f1e540
0x000000a4716ff198:   0000000081742c00 000000a4716ff3a8
0x000000a4716ff1a8:   0000000080fb4600 00000193d0281115
0x000000a4716ff1b8:   0000000000000004 00000000808e0400
0x000000a4716ff1c8:   0000000000000040 0000000000000017 

Instructions: (pc=0x00007ff9e958ca54)
0x00007ff9e958c954:   11 86 98 03 00 00 48 8b 5c 24 40 48 8b 74 24 48
0x00007ff9e958c964:   48 83 c4 30 5f c3 48 8b 07 48 8d 54 24 20 48 8b
0x00007ff9e958c974:   cf 66 0f 7f 44 24 20 ff 50 38 48 8b 5c 24 40 48
0x00007ff9e958c984:   8b 74 24 48 48 83 c4 30 5f c3 cc cc 48 8b 49 38
0x00007ff9e958c994:   48 8b 01 48 ff 60 28 cc cc cc cc cc 80 3d f1 ab
0x00007ff9e958c9a4:   86 00 00 48 8b c1 74 1b 8b 51 08 8b 0d 63 21 82
0x00007ff9e958c9b4:   00 48 d3 e2 48 8b c8 48 03 15 4e 21 82 00 e9 19
0x00007ff9e958c9c4:   00 00 00 48 8b 51 08 48 8b c8 e9 0d 00 00 00 cc
0x00007ff9e958c9d4:   cc cc cc cc cc cc cc cc cc cc cc cc 4c 8b ca 48
0x00007ff9e958c9e4:   8b d1 45 8b 41 08 45 85 c0 7e 0e 41 f6 c0 01 75
0x00007ff9e958c9f4:   59 41 c1 f8 03 41 8b c0 c3 79 4f 80 3d 92 ab 86
0x00007ff9e958ca04:   00 00 b8 0c 00 00 00 b9 10 00 00 00 0f 45 c8 8b
0x00007ff9e958ca14:   05 ab 6c 80 00 ff c8 4c 63 c8 48 63 c1 41 8b c8
0x00007ff9e958ca24:   83 e1 3f 48 63 14 10 41 8b c0 48 c1 f8 10 0f b6
0x00007ff9e958ca34:   c0 48 d3 e2 49 8d 0c 11 49 f7 d1 48 03 c1 49 c1
0x00007ff9e958ca44:   e9 03 48 c1 e8 03 41 23 c1 c3 49 8b 01 49 8b c9
0x00007ff9e958ca54:   48 ff a0 10 01 00 00 cc cc cc cc cc 48 83 ec 38
0x00007ff9e958ca64:   0f 10 02 48 8b 49 38 48 8d 54 24 20 0f 29 44 24
0x00007ff9e958ca74:   20 e8 56 f0 ff ff 48 83 c4 38 c3 cc 48 89 5c 24
0x00007ff9e958ca84:   08 55 56 57 41 54 41 55 41 56 41 57 48 8d 6c 24
0x00007ff9e958ca94:   e0 48 81 ec 20 01 00 00 48 8b 05 5d a5 83 00 48
0x00007ff9e958caa4:   33 c4 48 89 45 10 48 8b 05 df 15 86 00 45 33 ed
0x00007ff9e958cab4:   4c 8b b5 80 00 00 00 4c 8b fa 48 8b bd 88 00 00
0x00007ff9e958cac4:   00 4d 8b c6 49 8b d6 49 8b f1 48 8b 48 38 48 8b
0x00007ff9e958cad4:   59 48 49 8b cf c7 45 c0 ff ff ff ff 44 89 6d d4
0x00007ff9e958cae4:   4c 89 6d d8 44 88 6d e0 c7 45 e8 ff ff ff ff 44
0x00007ff9e958caf4:   89 6d fc 4c 89 6d 00 44 88 6d 08 e8 ac 17 f6 ff
0x00007ff9e958cb04:   41 b1 01 4c 8d 45 e8 41 8d 55 04 49 8b cf e8 39
0x00007ff9e958cb14:   d5 f4 ff 48 8b 05 a2 55 6e 00 4c 8d 25 1b 29 5c
0x00007ff9e958cb24:   00 48 89 44 24 30 4c 8d 44 24 70 0f b6 05 59 aa
0x00007ff9e958cb34:   86 00 49 8b d6 f6 d8 48 89 74 24 20 4c 89 74 24
0x00007ff9e958cb44:   28 0f 10 44 24 20 1b c9 44 89 6c 24 3c 83 c1 03 


Stack slot to memory mapping:
stack at sp + 0 slots: 0x00007ff9e9749812 jvm.dll
stack at sp + 1 slots: 0x0000000081742308 is an oop: 
[error occurred during error reporting (inspecting top of stack), id 0xc0000005, EXCEPTION_ACCESS_VIOLATION (0xc0000005) at pc=0x00007ff9e99da02d]


---------------  P R O C E S S  ---------------

Threads class SMR info:
_java_thread_list=0x000001af94a0b740, length=50, elements={
0x000001aff2f0f000, 0x000001affe375800, 0x000001affe377800, 0x000001affe38b800,
0x000001affe38c800, 0x000001affe390000, 0x000001affe39e800, 0x000001affe39f800,
0x000001affe3ad800, 0x000001affee61000, 0x000001af915bb800, 0x000001affefa3800,
0x000001af9076e000, 0x000001af902d6800, 0x000001af91420000, 0x000001af8f439800,
0x000001af8f696800, 0x000001af90292000, 0x000001af901a2800, 0x000001af8fe05000,
0x000001af8fe04800, 0x000001af8fe08800, 0x000001af8fe02800, 0x000001afff440000,
0x000001af8fe09800, 0x000001af8fe06000, 0x000001af8fe03800, 0x000001af8fe07000,
0x000001af8fe07800, 0x000001af917b2800, 0x000001af917b3800, 0x000001af917b5000,
0x000001af917b6000, 0x000001af917b1000, 0x000001af917b2000, 0x000001af917ba000,
0x000001af917b7800, 0x000001af917bb000, 0x000001af917bb800, 0x000001af917bc800,
0x000001af917bd800, 0x000001af917be000, 0x000001af917b8800, 0x000001af917bf000,
0x000001af917b9000, 0x000001af93caa000, 0x000001af93ca7800, 0x000001af93ca8800,
0x000001af93ca9800, 0x000001af93ca4800
}

Java Threads: ( => current thread )
  0x000001aff2f0f000 JavaThread "main" [_thread_blocked, id=19552, stack(0x000000a470400000,0x000000a470500000)]
  0x000001affe375800 JavaThread "Reference Handler" daemon [_thread_blocked, id=18920, stack(0x000000a470b00000,0x000000a470c00000)]
  0x000001affe377800 JavaThread "Finalizer" daemon [_thread_blocked, id=14200, stack(0x000000a470c00000,0x000000a470d00000)]
  0x000001affe38b800 JavaThread "Signal Dispatcher" daemon [_thread_blocked, id=14144, stack(0x000000a470d00000,0x000000a470e00000)]
  0x000001affe38c800 JavaThread "Attach Listener" daemon [_thread_blocked, id=10924, stack(0x000000a470e00000,0x000000a470f00000)]
  0x000001affe390000 JavaThread "Service Thread" daemon [_thread_blocked, id=11832, stack(0x000000a470f00000,0x000000a471000000)]
  0x000001affe39e800 JavaThread "C2 CompilerThread0" daemon [_thread_blocked, id=11004, stack(0x000000a471000000,0x000000a471100000)]
  0x000001affe39f800 JavaThread "C1 CompilerThread0" daemon [_thread_blocked, id=11512, stack(0x000000a471100000,0x000000a471200000)]
  0x000001affe3ad800 JavaThread "Sweeper thread" daemon [_thread_blocked, id=18728, stack(0x000000a471200000,0x000000a471300000)]
  0x000001affee61000 JavaThread "Common-Cleaner" daemon [_thread_blocked, id=19276, stack(0x000000a471300000,0x000000a471400000)]
  0x000001af915bb800 JavaThread "Daemon health stats" [_thread_blocked, id=11320, stack(0x000000a471800000,0x000000a471900000)]
  0x000001affefa3800 JavaThread "Incoming local TCP Connector on port 52935" [_thread_in_native, id=19776, stack(0x000000a471500000,0x000000a471600000)]
  0x000001af9076e000 JavaThread "Daemon periodic checks" [_thread_blocked, id=11348, stack(0x000000a471900000,0x000000a471a00000)]
  0x000001af902d6800 JavaThread "Daemon" [_thread_blocked, id=8672, stack(0x000000a471a00000,0x000000a471b00000)]
  0x000001af91420000 JavaThread "Handler for socket connection from /127.0.0.1:52935 to /127.0.0.1:52936" [_thread_in_native, id=15420, stack(0x000000a471b00000,0x000000a471c00000)]
  0x000001af8f439800 JavaThread "Cancel handler" [_thread_blocked, id=4928, stack(0x000000a471c00000,0x000000a471d00000)]
  0x000001af8f696800 JavaThread "Daemon worker" [_thread_blocked, id=19012, stack(0x000000a471d00000,0x000000a471e00000)]
  0x000001af90292000 JavaThread "Asynchronous log dispatcher for DefaultDaemonConnection: socket connection from /127.0.0.1:52935 to /127.0.0.1:52936" [_thread_blocked, id=20072, stack(0x000000a471f00000,0x000000a472000000)]
  0x000001af901a2800 JavaThread "Stdin handler" [_thread_blocked, id=13112, stack(0x000000a472000000,0x000000a472100000)]
  0x000001af8fe05000 JavaThread "Daemon client event forwarder" [_thread_blocked, id=12048, stack(0x000000a472100000,0x000000a472200000)]
  0x000001af8fe04800 JavaThread "Cache worker for file hash cache (C:\Users\ASUS\.gradle\caches\7.0.2\fileHashes)" [_thread_blocked, id=9584, stack(0x000000a471e00000,0x000000a471f00000)]
  0x000001af8fe08800 JavaThread "File lock request listener" [_thread_in_native, id=10404, stack(0x000000a472200000,0x000000a472300000)]
  0x000001af8fe02800 JavaThread "Cache worker for journal cache (C:\Users\ASUS\.gradle\caches\journal-1)" [_thread_blocked, id=15904, stack(0x000000a472900000,0x000000a472a00000)]
  0x000001afff440000 JavaThread "C2 CompilerThread1" daemon [_thread_blocked, id=17088, stack(0x000000a472a00000,0x000000a472b00000)]
  0x000001af8fe09800 JavaThread "Cache worker for file hash cache (C:\Users\ASUS\AndroidStudioProjects\Intend\.gradle\7.0.2\fileHashes)" [_thread_blocked, id=10668, stack(0x000000a472b00000,0x000000a472c00000)]
  0x000001af8fe06000 JavaThread "File watcher server" daemon [_thread_in_native, id=19176, stack(0x000000a472c00000,0x000000a472d00000)]
  0x000001af8fe03800 JavaThread "File watcher consumer" daemon [_thread_blocked, id=11560, stack(0x000000a472d00000,0x000000a472e00000)]
  0x000001af8fe07000 JavaThread "Cache worker for checksums cache (C:\Users\ASUS\AndroidStudioProjects\Intend\.gradle\checksums)" [_thread_blocked, id=1952, stack(0x000000a472e00000,0x000000a472f00000)]
  0x000001af8fe07800 JavaThread "Cache worker for cache directory md-supplier (C:\Users\ASUS\.gradle\caches\7.0.2\md-supplier)" [_thread_blocked, id=6304, stack(0x000000a472f00000,0x000000a473000000)]
  0x000001af917b2800 JavaThread "Cache worker for cache directory md-rule (C:\Users\ASUS\.gradle\caches\7.0.2\md-rule)" [_thread_blocked, id=5880, stack(0x000000a473100000,0x000000a473200000)]
  0x000001af917b3800 JavaThread "Cache worker for execution history cache (C:\Users\ASUS\.gradle\caches\7.0.2\executionHistory)" [_thread_blocked, id=8348, stack(0x000000a473200000,0x000000a473300000)]
  0x000001af917b5000 JavaThread "jar transforms" [_thread_blocked, id=11528, stack(0x000000a473300000,0x000000a473400000)]
  0x000001af917b6000 JavaThread "jar transforms Thread 2" [_thread_blocked, id=7392, stack(0x000000a473400000,0x000000a473500000)]
  0x000001af917b1000 JavaThread "Cache worker for file content cache (C:\Users\ASUS\.gradle\caches\7.0.2\fileContent)" [_thread_blocked, id=1148, stack(0x000000a473500000,0x000000a473600000)]
  0x000001af917b2000 JavaThread "Cache worker for dependencies-accessors (C:\Users\ASUS\AndroidStudioProjects\Intend\.gradle\7.0.2\dependencies-accessors)" [_thread_blocked, id=6264, stack(0x000000a473600000,0x000000a473700000)]
  0x000001af917ba000 JavaThread "jar transforms Thread 3" [_thread_blocked, id=9328, stack(0x000000a473700000,0x000000a473800000)]
  0x000001af917b7800 JavaThread "Cache worker for Build Output Cleanup Cache (C:\Users\ASUS\AndroidStudioProjects\Intend\.gradle\buildOutputCleanup)" [_thread_blocked, id=8360, stack(0x000000a473800000,0x000000a473900000)]
  0x000001af917bb000 JavaThread "Build operations" [_thread_blocked, id=8376, stack(0x000000a473900000,0x000000a473a00000)]
  0x000001af917bb800 JavaThread "Build operations Thread 2" [_thread_blocked, id=15244, stack(0x000000a473a00000,0x000000a473b00000)]
  0x000001af917bc800 JavaThread "Build operations Thread 3" [_thread_blocked, id=10628, stack(0x000000a473b00000,0x000000a473c00000)]
  0x000001af917bd800 JavaThread "Build operations Thread 4" [_thread_blocked, id=9992, stack(0x000000a473c00000,0x000000a473d00000)]
  0x000001af917be000 JavaThread "Build operations Thread 5" [_thread_blocked, id=13284, stack(0x000000a473d00000,0x000000a473e00000)]
  0x000001af917b8800 JavaThread "Build operations Thread 6" [_thread_blocked, id=3296, stack(0x000000a473e00000,0x000000a473f00000)]
  0x000001af917bf000 JavaThread "Build operations Thread 7" [_thread_blocked, id=18244, stack(0x000000a473f00000,0x000000a474000000)]
  0x000001af917b9000 JavaThread "Build operations Thread 8" [_thread_blocked, id=4108, stack(0x000000a474000000,0x000000a474100000)]
  0x000001af93caa000 JavaThread "jar transforms Thread 4" [_thread_blocked, id=18424, stack(0x000000a474100000,0x000000a474200000)]
  0x000001af93ca7800 JavaThread "jar transforms Thread 5" [_thread_blocked, id=19800, stack(0x000000a474200000,0x000000a474300000)]
  0x000001af93ca8800 JavaThread "jar transforms Thread 6" [_thread_blocked, id=14180, stack(0x000000a474300000,0x000000a474400000)]
  0x000001af93ca9800 JavaThread "jar transforms Thread 7" [_thread_blocked, id=18292, stack(0x000000a474400000,0x000000a474500000)]
  0x000001af93ca4800 JavaThread "jar transforms Thread 8" [_thread_blocked, id=11176, stack(0x000000a474500000,0x000000a474600000)]

Other Threads:
  0x000001affe371800 VMThread "VM Thread" [stack: 0x000000a470a00000,0x000000a470b00000] [id=19896]
  0x000001affee6e000 WatcherThread [stack: 0x000000a471400000,0x000000a471500000] [id=13852]
  0x000001aff2f29000 GCTaskThread "GC Thread#0" [stack: 0x000000a470500000,0x000000a470600000] [id=12456]
  0x000001afff04f800 GCTaskThread "GC Thread#1" [stack: 0x000000a471700000,0x000000a471800000] [id=11196]
=>0x000001afff81a000 GCTaskThread "GC Thread#2" [stack: 0x000000a471600000,0x000000a471700000] [id=17432]
  0x000001af90372000 GCTaskThread "GC Thread#3" [stack: 0x000000a472300000,0x000000a472400000] [id=10488]
  0x000001af8f1c0000 GCTaskThread "GC Thread#4" [stack: 0x000000a472400000,0x000000a472500000] [id=12792]
  0x000001af900d8800 GCTaskThread "GC Thread#5" [stack: 0x000000a472500000,0x000000a472600000] [id=9276]
  0x000001af8f652800 GCTaskThread "GC Thread#6" [stack: 0x000000a472600000,0x000000a472700000] [id=2736]
  0x000001afff0ff800 GCTaskThread "GC Thread#7" [stack: 0x000000a472700000,0x000000a472800000] [id=10152]
  0x000001aff2f5a000 ConcurrentGCThread "G1 Main Marker" [stack: 0x000000a470600000,0x000000a470700000] [id=576]
  0x000001aff2f5b800 ConcurrentGCThread "G1 Conc#0" [stack: 0x000000a470700000,0x000000a470800000] [id=20260]
  0x000001af8fa2f000 ConcurrentGCThread "G1 Conc#1" [stack: 0x000000a472800000,0x000000a472900000] [id=15832]
  0x000001affe1c0800 ConcurrentGCThread "G1 Refine#0" [stack: 0x000000a470800000,0x000000a470900000] [id=9672]
  0x000001affe1c1800 ConcurrentGCThread "G1 Young RemSet Sampling" [stack: 0x000000a470900000,0x000000a470a00000] [id=12644]

Threads with active compile tasks:
C2 CompilerThread0  16396 5145       4       org.objectweb.asm.SymbolTable::addType (81 bytes)
C2 CompilerThread1  16396 5169       4       jdk.internal.loader.ClassLoaders$BootClassLoader::loadClassOrNull (11 bytes)

VM state:at safepoint (normal execution)

VM Mutex/Monitor currently owned by a thread:  ([mutex/lock_event])
[0x000001aff2f0b7d0] Threads_lock - owner thread: 0x000001affe371800
[0x000001aff2f0bf20] Heap_lock - owner thread: 0x000001af8f696800

Heap address: 0x0000000080000000, size: 2048 MB, Compressed Oops mode: 32-bit
Narrow klass base: 0x0000000000000000, Narrow klass shift: 3
Compressed class space size: 1073741824 Address: 0x0000000100000000

Heap:
 garbage-first heap   total 155648K, used 113782K [0x0000000080000000, 0x0000000100000000)
  region size 1024K, 89 young (91136K), 11 survivors (11264K)
 Metaspace       used 50681K, capacity 52008K, committed 52300K, reserved 1095680K
  class space    used 6476K, capacity 6946K, committed 6988K, reserved 1048576K
Heap Regions: E=young(eden), S=young(survivor), O=old, HS=humongous(starts), HC=humongous(continues), CS=collection set, F=free, A=archive, TAMS=top-at-mark-start (previous, next)
|   0|0x0000000080000000, 0x0000000080100000, 0x0000000080100000|100%| O|  |TAMS 0x0000000080100000, 0x0000000080000000| Untracked 
|   1|0x0000000080100000, 0x0000000080200000, 0x0000000080200000|100%| O|  |TAMS 0x0000000080200000, 0x0000000080100000| Untracked 
|   2|0x0000000080200000, 0x0000000080300000, 0x0000000080300000|100%| O|  |TAMS 0x0000000080300000, 0x0000000080200000| Untracked 
|   3|0x0000000080300000, 0x0000000080400000, 0x0000000080400000|100%|HS|  |TAMS 0x0000000080400000, 0x0000000080300000| Complete 
|   4|0x0000000080400000, 0x0000000080500000, 0x0000000080500000|100%|HC|  |TAMS 0x0000000080500000, 0x0000000080400000| Complete 
|   5|0x0000000080500000, 0x0000000080600000, 0x0000000080600000|100%|HC|  |TAMS 0x0000000080600000, 0x0000000080500000| Complete 
|   6|0x0000000080600000, 0x0000000080700000, 0x0000000080700000|100%| O|  |TAMS 0x0000000080700000, 0x0000000080600000| Untracked 
|   7|0x0000000080700000, 0x0000000080800000, 0x0000000080800000|100%| O|  |TAMS 0x0000000080800000, 0x0000000080700000| Untracked 
|   8|0x0000000080800000, 0x0000000080900000, 0x0000000080900000|100%| O|  |TAMS 0x0000000080900000, 0x0000000080800000| Untracked 
|   9|0x0000000080900000, 0x0000000080a00000, 0x0000000080a00000|100%| O|  |TAMS 0x0000000080a00000, 0x0000000080900000| Untracked 
|  10|0x0000000080a00000, 0x0000000080b00000, 0x0000000080b00000|100%| O|  |TAMS 0x0000000080b00000, 0x0000000080a00000| Untracked 
|  11|0x0000000080b00000, 0x0000000080c00000, 0x0000000080c00000|100%| O|  |TAMS 0x0000000080c00000, 0x0000000080b00000| Untracked 
|  12|0x0000000080c00000, 0x0000000080d00000, 0x0000000080d00000|100%| O|  |TAMS 0x0000000080d00000, 0x0000000080c00000| Untracked 
|  13|0x0000000080d00000, 0x0000000080e00000, 0x0000000080e00000|100%| O|  |TAMS 0x0000000080e00000, 0x0000000080d00000| Untracked 
|  14|0x0000000080e00000, 0x0000000080f00000, 0x0000000080f00000|100%| O|  |TAMS 0x0000000080f00000, 0x0000000080e00000| Untracked 
|  15|0x0000000080f00000, 0x0000000081000000, 0x0000000081000000|100%| O|  |TAMS 0x0000000081000000, 0x0000000080f00000| Untracked 
|  16|0x0000000081000000, 0x0000000081100000, 0x0000000081100000|100%| O|  |TAMS 0x00000000810ab600, 0x0000000081000000| Untracked 
|  17|0x0000000081100000, 0x0000000081200000, 0x0000000081200000|100%|HS|  |TAMS 0x0000000081100000, 0x0000000081100000| Complete 
|  18|0x0000000081200000, 0x0000000081300000, 0x0000000081300000|100%| O|  |TAMS 0x0000000081200000, 0x0000000081200000| Untracked 
|  19|0x0000000081300000, 0x0000000081400000, 0x0000000081400000|100%| O|  |TAMS 0x0000000081300000, 0x0000000081300000| Untracked 
|  20|0x0000000081400000, 0x0000000081500000, 0x0000000081500000|100%| O|  |TAMS 0x0000000081400000, 0x0000000081400000| Untracked 
|  21|0x0000000081500000, 0x0000000081600000, 0x0000000081600000|100%| O|  |TAMS 0x0000000081500000, 0x0000000081500000| Untracked 
|  22|0x0000000081600000, 0x0000000081700000, 0x0000000081700000|100%| O|  |TAMS 0x0000000081600000, 0x0000000081600000| Untracked 
|  23|0x0000000081700000, 0x0000000081800000, 0x0000000081800000|100%| O|  |TAMS 0x0000000081700000, 0x0000000081700000| Untracked 
|  24|0x0000000081800000, 0x0000000081900000, 0x0000000081900000|100%| O|  |TAMS 0x0000000081800000, 0x0000000081800000| Untracked 
|  25|0x0000000081900000, 0x0000000081a00000, 0x0000000081a00000|100%| O|  |TAMS 0x0000000081900000, 0x0000000081900000| Untracked 
|  26|0x0000000081a00000, 0x0000000081b00000, 0x0000000081b00000|100%| O|  |TAMS 0x0000000081a00000, 0x0000000081a00000| Untracked 
|  27|0x0000000081b00000, 0x0000000081b44200, 0x0000000081c00000| 26%| O|  |TAMS 0x0000000081b00000, 0x0000000081b00000| Untracked 
|  28|0x0000000081c00000, 0x0000000081d00000, 0x0000000081d00000|100%|HS|  |TAMS 0x0000000081c00000, 0x0000000081c00000| Complete 
|  29|0x0000000081d00000, 0x0000000081e00000, 0x0000000081e00000|100%|HS|  |TAMS 0x0000000081d00000, 0x0000000081d00000| Complete 
|  30|0x0000000081e00000, 0x0000000081f00000, 0x0000000081f00000|100%|HC|  |TAMS 0x0000000081e00000, 0x0000000081e00000| Complete 
|  31|0x0000000081f00000, 0x0000000081f00000, 0x0000000082000000|  0%| F|  |TAMS 0x0000000081f00000, 0x0000000081f00000| Untracked 
|  32|0x0000000082000000, 0x0000000082000000, 0x0000000082100000|  0%| F|  |TAMS 0x0000000082000000, 0x0000000082000000| Untracked 
|  33|0x0000000082100000, 0x0000000082100000, 0x0000000082200000|  0%| F|  |TAMS 0x0000000082100000, 0x0000000082100000| Untracked 
|  34|0x0000000082200000, 0x0000000082200000, 0x0000000082300000|  0%| F|  |TAMS 0x0000000082200000, 0x0000000082200000| Untracked 
|  35|0x0000000082300000, 0x0000000082300000, 0x0000000082400000|  0%| F|  |TAMS 0x0000000082300000, 0x0000000082300000| Untracked 
|  36|0x0000000082400000, 0x0000000082400000, 0x0000000082500000|  0%| F|  |TAMS 0x0000000082400000, 0x0000000082400000| Untracked 
|  37|0x0000000082500000, 0x0000000082500000, 0x0000000082600000|  0%| F|  |TAMS 0x0000000082500000, 0x0000000082500000| Untracked 
|  38|0x0000000082600000, 0x0000000082600000, 0x0000000082700000|  0%| F|  |TAMS 0x0000000082600000, 0x0000000082600000| Untracked 
|  39|0x0000000082700000, 0x0000000082700000, 0x0000000082800000|  0%| F|  |TAMS 0x0000000082700000, 0x0000000082700000| Untracked 
|  40|0x0000000082800000, 0x0000000082800000, 0x0000000082900000|  0%| F|  |TAMS 0x0000000082800000, 0x0000000082800000| Untracked 
|  41|0x0000000082900000, 0x0000000082900000, 0x0000000082a00000|  0%| F|  |TAMS 0x0000000082900000, 0x0000000082900000| Untracked 
|  42|0x0000000082a00000, 0x0000000082a00000, 0x0000000082b00000|  0%| F|  |TAMS 0x0000000082a00000, 0x0000000082a00000| Untracked 
|  43|0x0000000082b00000, 0x0000000082b00000, 0x0000000082c00000|  0%| F|  |TAMS 0x0000000082b00000, 0x0000000082b00000| Untracked 
|  44|0x0000000082c00000, 0x0000000082c00000, 0x0000000082d00000|  0%| F|  |TAMS 0x0000000082c00000, 0x0000000082c00000| Untracked 
|  45|0x0000000082d00000, 0x0000000082d00000, 0x0000000082e00000|  0%| F|  |TAMS 0x0000000082d00000, 0x0000000082d00000| Untracked 
|  46|0x0000000082e00000, 0x0000000082e00000, 0x0000000082f00000|  0%| F|  |TAMS 0x0000000082e00000, 0x0000000082e00000| Untracked 
|  47|0x0000000082f00000, 0x0000000082f00000, 0x0000000083000000|  0%| F|  |TAMS 0x0000000082f00000, 0x0000000082f00000| Untracked 
|  48|0x0000000083000000, 0x0000000083000000, 0x0000000083100000|  0%| F|  |TAMS 0x0000000083000000, 0x0000000083000000| Untracked 
|  49|0x0000000083100000, 0x0000000083100000, 0x0000000083200000|  0%| F|  |TAMS 0x0000000083100000, 0x0000000083100000| Untracked 
|  50|0x0000000083200000, 0x0000000083200000, 0x0000000083300000|  0%| F|  |TAMS 0x0000000083200000, 0x0000000083200000| Untracked 
|  51|0x0000000083300000, 0x0000000083300000, 0x0000000083400000|  0%| F|  |TAMS 0x0000000083300000, 0x0000000083300000| Untracked 
|  52|0x0000000083400000, 0x0000000083400000, 0x0000000083500000|  0%| F|  |TAMS 0x0000000083400000, 0x0000000083400000| Untracked 
|  53|0x0000000083500000, 0x0000000083500000, 0x0000000083600000|  0%| F|  |TAMS 0x0000000083500000, 0x0000000083500000| Untracked 
|  54|0x0000000083600000, 0x0000000083600000, 0x0000000083700000|  0%| F|  |TAMS 0x0000000083600000, 0x0000000083600000| Untracked 
|  55|0x0000000083700000, 0x0000000083700000, 0x0000000083800000|  0%| F|  |TAMS 0x0000000083700000, 0x0000000083700000| Untracked 
|  56|0x0000000083800000, 0x0000000083800000, 0x0000000083900000|  0%| F|  |TAMS 0x0000000083800000, 0x0000000083800000| Untracked 
|  57|0x0000000083900000, 0x0000000083900000, 0x0000000083a00000|  0%| F|  |TAMS 0x0000000083900000, 0x0000000083900000| Untracked 
|  58|0x0000000083a00000, 0x0000000083a00000, 0x0000000083b00000|  0%| F|  |TAMS 0x0000000083a00000, 0x0000000083a00000| Untracked 
|  59|0x0000000083b00000, 0x0000000083b00000, 0x0000000083c00000|  0%| F|  |TAMS 0x0000000083b00000, 0x0000000083b00000| Untracked 
|  60|0x0000000083c00000, 0x0000000083c7cb60, 0x0000000083d00000| 48%| S|  |TAMS 0x0000000083c00000, 0x0000000083c00000| Complete 
|  61|0x0000000083d00000, 0x0000000083e00000, 0x0000000083e00000|100%| S|  |TAMS 0x0000000083d00000, 0x0000000083d00000| Complete 
|  62|0x0000000083e00000, 0x0000000083ed9968, 0x0000000083f00000| 84%| E|CS|TAMS 0x0000000083e00000, 0x0000000083e00000| Complete 
|  63|0x0000000083f00000, 0x0000000084000000, 0x0000000084000000|100%| E|CS|TAMS 0x0000000083f00000, 0x0000000083f00000| Complete 
|  64|0x0000000084000000, 0x0000000084100000, 0x0000000084100000|100%| E|CS|TAMS 0x0000000084000000, 0x0000000084000000| Complete 
|  65|0x0000000084100000, 0x0000000084200000, 0x0000000084200000|100%| S|  |TAMS 0x0000000084100000, 0x0000000084100000| Complete 
|  66|0x0000000084200000, 0x0000000084300000, 0x0000000084300000|100%| S|  |TAMS 0x0000000084200000, 0x0000000084200000| Complete 
|  67|0x0000000084300000, 0x0000000084400000, 0x0000000084400000|100%| S|  |TAMS 0x0000000084300000, 0x0000000084300000| Complete 
|  68|0x0000000084400000, 0x0000000084500000, 0x0000000084500000|100%| S|  |TAMS 0x0000000084400000, 0x0000000084400000| Complete 
|  69|0x0000000084500000, 0x0000000084600000, 0x0000000084600000|100%| S|  |TAMS 0x0000000084500000, 0x0000000084500000| Complete 
|  70|0x0000000084600000, 0x0000000084700000, 0x0000000084700000|100%| S|  |TAMS 0x0000000084600000, 0x0000000084600000| Complete 
|  71|0x0000000084700000, 0x0000000084800000, 0x0000000084800000|100%| S|  |TAMS 0x0000000084700000, 0x0000000084700000| Complete 
|  72|0x0000000084800000, 0x0000000084900000, 0x0000000084900000|100%| S|  |TAMS 0x0000000084800000, 0x0000000084800000| Complete 
|  73|0x0000000084900000, 0x0000000084a00000, 0x0000000084a00000|100%| S|  |TAMS 0x0000000084900000, 0x0000000084900000| Complete 
|  74|0x0000000084a00000, 0x0000000084b00000, 0x0000000084b00000|100%| E|CS|TAMS 0x0000000084a00000, 0x0000000084a00000| Complete 
|  75|0x0000000084b00000, 0x0000000084c00000, 0x0000000084c00000|100%| E|CS|TAMS 0x0000000084b00000, 0x0000000084b00000| Complete 
|  76|0x0000000084c00000, 0x0000000084d00000, 0x0000000084d00000|100%| E|CS|TAMS 0x0000000084c00000, 0x0000000084c00000| Complete 
|  77|0x0000000084d00000, 0x0000000084e00000, 0x0000000084e00000|100%| E|CS|TAMS 0x0000000084d00000, 0x0000000084d00000| Complete 
|  78|0x0000000084e00000, 0x0000000084f00000, 0x0000000084f00000|100%| E|CS|TAMS 0x0000000084e00000, 0x0000000084e00000| Complete 
|  79|0x0000000084f00000, 0x0000000085000000, 0x0000000085000000|100%| E|CS|TAMS 0x0000000084f00000, 0x0000000084f00000| Complete 
|  80|0x0000000085000000, 0x0000000085100000, 0x0000000085100000|100%| E|CS|TAMS 0x0000000085000000, 0x0000000085000000| Complete 
|  81|0x0000000085100000, 0x0000000085200000, 0x0000000085200000|100%| E|CS|TAMS 0x0000000085100000, 0x0000000085100000| Complete 
|  82|0x0000000085200000, 0x0000000085300000, 0x0000000085300000|100%| E|CS|TAMS 0x0000000085200000, 0x0000000085200000| Complete 
|  83|0x0000000085300000, 0x0000000085400000, 0x0000000085400000|100%| E|CS|TAMS 0x0000000085300000, 0x0000000085300000| Complete 
|  84|0x0000000085400000, 0x0000000085500000, 0x0000000085500000|100%| E|CS|TAMS 0x0000000085400000, 0x0000000085400000| Complete 
|  85|0x0000000085500000, 0x0000000085600000, 0x0000000085600000|100%| E|CS|TAMS 0x0000000085500000, 0x0000000085500000| Complete 
|  86|0x0000000085600000, 0x0000000085700000, 0x0000000085700000|100%| E|CS|TAMS 0x0000000085600000, 0x0000000085600000| Complete 
|  87|0x0000000085700000, 0x0000000085800000, 0x0000000085800000|100%| E|CS|TAMS 0x0000000085700000, 0x0000000085700000| Complete 
|  88|0x0000000085800000, 0x0000000085900000, 0x0000000085900000|100%| E|CS|TAMS 0x0000000085800000, 0x0000000085800000| Complete 
|  89|0x0000000085900000, 0x0000000085a00000, 0x0000000085a00000|100%| E|CS|TAMS 0x0000000085900000, 0x0000000085900000| Complete 
|  90|0x0000000085a00000, 0x0000000085b00000, 0x0000000085b00000|100%| E|CS|TAMS 0x0000000085a00000, 0x0000000085a00000| Complete 
|  91|0x0000000085b00000, 0x0000000085c00000, 0x0000000085c00000|100%| E|CS|TAMS 0x0000000085b00000, 0x0000000085b00000| Complete 
|  92|0x0000000085c00000, 0x0000000085d00000, 0x0000000085d00000|100%| E|CS|TAMS 0x0000000085c00000, 0x0000000085c00000| Complete 
|  93|0x0000000085d00000, 0x0000000085e00000, 0x0000000085e00000|100%| E|CS|TAMS 0x0000000085d00000, 0x0000000085d00000| Complete 
|  94|0x0000000085e00000, 0x0000000085f00000, 0x0000000085f00000|100%| E|CS|TAMS 0x0000000085e00000, 0x0000000085e00000| Complete 
|  95|0x0000000085f00000, 0x0000000086000000, 0x0000000086000000|100%| E|CS|TAMS 0x0000000085f00000, 0x0000000085f00000| Complete 
|  96|0x0000000086000000, 0x0000000086100000, 0x0000000086100000|100%| E|CS|TAMS 0x0000000086000000, 0x0000000086000000| Complete 
|  97|0x0000000086100000, 0x0000000086200000, 0x0000000086200000|100%| E|CS|TAMS 0x0000000086100000, 0x0000000086100000| Complete 
|  98|0x0000000086200000, 0x0000000086300000, 0x0000000086300000|100%| E|CS|TAMS 0x0000000086200000, 0x0000000086200000| Complete 
|  99|0x0000000086300000, 0x0000000086400000, 0x0000000086400000|100%| E|CS|TAMS 0x0000000086300000, 0x0000000086300000| Complete 
| 100|0x0000000086400000, 0x0000000086500000, 0x0000000086500000|100%| E|CS|TAMS 0x0000000086400000, 0x0000000086400000| Complete 
| 101|0x0000000086500000, 0x0000000086600000, 0x0000000086600000|100%| E|CS|TAMS 0x0000000086500000, 0x0000000086500000| Complete 
| 102|0x0000000086600000, 0x0000000086700000, 0x0000000086700000|100%| E|CS|TAMS 0x0000000086600000, 0x0000000086600000| Complete 
| 103|0x0000000086700000, 0x0000000086800000, 0x0000000086800000|100%| E|CS|TAMS 0x0000000086700000, 0x0000000086700000| Complete 
| 104|0x0000000086800000, 0x0000000086900000, 0x0000000086900000|100%| E|CS|TAMS 0x0000000086800000, 0x0000000086800000| Complete 
| 105|0x0000000086900000, 0x0000000086a00000, 0x0000000086a00000|100%| E|CS|TAMS 0x0000000086900000, 0x0000000086900000| Complete 
| 106|0x0000000086a00000, 0x0000000086b00000, 0x0000000086b00000|100%| E|CS|TAMS 0x0000000086a00000, 0x0000000086a00000| Complete 
| 107|0x0000000086b00000, 0x0000000086c00000, 0x0000000086c00000|100%| E|CS|TAMS 0x0000000086b00000, 0x0000000086b00000| Complete 
| 108|0x0000000086c00000, 0x0000000086d00000, 0x0000000086d00000|100%| E|CS|TAMS 0x0000000086c00000, 0x0000000086c00000| Complete 
| 109|0x0000000086d00000, 0x0000000086e00000, 0x0000000086e00000|100%| E|CS|TAMS 0x0000000086d00000, 0x0000000086d00000| Complete 
| 110|0x0000000086e00000, 0x0000000086f00000, 0x0000000086f00000|100%| E|CS|TAMS 0x0000000086e00000, 0x0000000086e00000| Complete 
| 111|0x0000000086f00000, 0x0000000087000000, 0x0000000087000000|100%| E|CS|TAMS 0x0000000086f00000, 0x0000000086f00000| Complete 
| 112|0x0000000087000000, 0x0000000087100000, 0x0000000087100000|100%| E|CS|TAMS 0x0000000087000000, 0x0000000087000000| Complete 
| 113|0x0000000087100000, 0x0000000087200000, 0x0000000087200000|100%| E|CS|TAMS 0x0000000087100000, 0x0000000087100000| Complete 
| 114|0x0000000087200000, 0x0000000087300000, 0x0000000087300000|100%| E|CS|TAMS 0x0000000087200000, 0x0000000087200000| Complete 
| 115|0x0000000087300000, 0x0000000087400000, 0x0000000087400000|100%| E|CS|TAMS 0x0000000087300000, 0x0000000087300000| Complete 
| 116|0x0000000087400000, 0x0000000087500000, 0x0000000087500000|100%| E|CS|TAMS 0x0000000087400000, 0x0000000087400000| Complete 
| 117|0x0000000087500000, 0x0000000087600000, 0x0000000087600000|100%| E|CS|TAMS 0x0000000087500000, 0x0000000087500000| Complete 
| 118|0x0000000087600000, 0x0000000087700000, 0x0000000087700000|100%| E|CS|TAMS 0x0000000087600000, 0x0000000087600000| Complete 
| 119|0x0000000087700000, 0x0000000087800000, 0x0000000087800000|100%| E|CS|TAMS 0x0000000087700000, 0x0000000087700000| Complete 
| 120|0x0000000087800000, 0x0000000087900000, 0x0000000087900000|100%| E|CS|TAMS 0x0000000087800000, 0x0000000087800000| Complete 
| 121|0x0000000087900000, 0x0000000087a00000, 0x0000000087a00000|100%| E|CS|TAMS 0x0000000087900000, 0x0000000087900000| Complete 
| 122|0x0000000087a00000, 0x0000000087b00000, 0x0000000087b00000|100%| E|CS|TAMS 0x0000000087a00000, 0x0000000087a00000| Complete 
| 123|0x0000000087b00000, 0x0000000087c00000, 0x0000000087c00000|100%| E|CS|TAMS 0x0000000087b00000, 0x0000000087b00000| Complete 
| 124|0x0000000087c00000, 0x0000000087d00000, 0x0000000087d00000|100%| E|CS|TAMS 0x0000000087c00000, 0x0000000087c00000| Complete 
| 125|0x0000000087d00000, 0x0000000087e00000, 0x0000000087e00000|100%| E|CS|TAMS 0x0000000087d00000, 0x0000000087d00000| Complete 
| 126|0x0000000087e00000, 0x0000000087f00000, 0x0000000087f00000|100%| E|CS|TAMS 0x0000000087e00000, 0x0000000087e00000| Complete 
| 127|0x0000000087f00000, 0x0000000088000000, 0x0000000088000000|100%| E|CS|TAMS 0x0000000087f00000, 0x0000000087f00000| Complete 
| 128|0x0000000088000000, 0x0000000088100000, 0x0000000088100000|100%| E|CS|TAMS 0x0000000088000000, 0x0000000088000000| Complete 
| 129|0x0000000088100000, 0x0000000088200000, 0x0000000088200000|100%| E|CS|TAMS 0x0000000088100000, 0x0000000088100000| Complete 
| 130|0x0000000088200000, 0x0000000088300000, 0x0000000088300000|100%| E|CS|TAMS 0x0000000088200000, 0x0000000088200000| Complete 
| 131|0x0000000088300000, 0x0000000088400000, 0x0000000088400000|100%| E|CS|TAMS 0x0000000088300000, 0x0000000088300000| Complete 
| 132|0x0000000088400000, 0x0000000088500000, 0x0000000088500000|100%| E|CS|TAMS 0x0000000088400000, 0x0000000088400000| Complete 
| 133|0x0000000088500000, 0x0000000088600000, 0x0000000088600000|100%| E|CS|TAMS 0x0000000088500000, 0x0000000088500000| Complete 
| 134|0x0000000088600000, 0x0000000088700000, 0x0000000088700000|100%| E|CS|TAMS 0x0000000088600000, 0x0000000088600000| Complete 
| 135|0x0000000088700000, 0x0000000088800000, 0x0000000088800000|100%| E|CS|TAMS 0x0000000088700000, 0x0000000088700000| Complete 
| 136|0x0000000088800000, 0x0000000088900000, 0x0000000088900000|100%| E|CS|TAMS 0x0000000088800000, 0x0000000088800000| Complete 
| 137|0x0000000088900000, 0x0000000088a00000, 0x0000000088a00000|100%| E|CS|TAMS 0x0000000088900000, 0x0000000088900000| Complete 
| 138|0x0000000088a00000, 0x0000000088b00000, 0x0000000088b00000|100%| E|CS|TAMS 0x0000000088a00000, 0x0000000088a00000| Complete 
| 139|0x0000000088b00000, 0x0000000088c00000, 0x0000000088c00000|100%| E|CS|TAMS 0x0000000088b00000, 0x0000000088b00000| Complete 
| 140|0x0000000088c00000, 0x0000000088d00000, 0x0000000088d00000|100%| E|CS|TAMS 0x0000000088c00000, 0x0000000088c00000| Complete 
| 141|0x0000000088d00000, 0x0000000088e00000, 0x0000000088e00000|100%| E|CS|TAMS 0x0000000088d00000, 0x0000000088d00000| Complete 
| 142|0x0000000088e00000, 0x0000000088f00000, 0x0000000088f00000|100%| E|CS|TAMS 0x0000000088e00000, 0x0000000088e00000| Complete 
| 143|0x0000000088f00000, 0x0000000089000000, 0x0000000089000000|100%| E|CS|TAMS 0x0000000088f00000, 0x0000000088f00000| Complete 
| 144|0x0000000089000000, 0x0000000089100000, 0x0000000089100000|100%| E|CS|TAMS 0x0000000089000000, 0x0000000089000000| Complete 
| 145|0x0000000089100000, 0x0000000089200000, 0x0000000089200000|100%| E|CS|TAMS 0x0000000089100000, 0x0000000089100000| Complete 
| 146|0x0000000089200000, 0x0000000089300000, 0x0000000089300000|100%| E|CS|TAMS 0x0000000089200000, 0x0000000089200000| Complete 
| 147|0x0000000089300000, 0x0000000089400000, 0x0000000089400000|100%| E|CS|TAMS 0x0000000089300000, 0x0000000089300000| Complete 
| 148|0x0000000089400000, 0x0000000089500000, 0x0000000089500000|100%| E|CS|TAMS 0x0000000089400000, 0x0000000089400000| Complete 
| 149|0x0000000089500000, 0x0000000089600000, 0x0000000089600000|100%| E|CS|TAMS 0x0000000089500000, 0x0000000089500000| Complete 
| 150|0x0000000089600000, 0x0000000089700000, 0x0000000089700000|100%| E|CS|TAMS 0x0000000089600000, 0x0000000089600000| Complete 
| 151|0x0000000089700000, 0x0000000089800000, 0x0000000089800000|100%| E|CS|TAMS 0x0000000089700000, 0x0000000089700000| Complete 

Card table byte_map: [0x000001aff7130000,0x000001aff7530000] _byte_map_base: 0x000001aff6d30000

Marking Bits (Prev, Next): (CMBitMap*) 0x000001aff2f51458, (CMBitMap*) 0x000001aff2f51490
 Prev Bits: [0x000001aff7930000, 0x000001aff9930000)
 Next Bits: [0x000001aff9930000, 0x000001affb930000)

Polling page: 0x000001aff0d20000

Metaspace:

Usage:
  Non-class:     44.01 MB capacity,    43.17 MB ( 98%) used,   725.23 KB (  2%) free+waste,   131.38 KB ( <1%) overhead. 
      Class:      6.78 MB capacity,     6.32 MB ( 93%) used,   407.24 KB (  6%) free+waste,    62.69 KB ( <1%) overhead. 
       Both:     50.79 MB capacity,    49.49 MB ( 97%) used,     1.11 MB (  2%) free+waste,   194.06 KB ( <1%) overhead. 

Virtual space:
  Non-class space:       46.00 MB reserved,      44.25 MB ( 96%) committed 
      Class space:        1.00 GB reserved,       6.82 MB ( <1%) committed 
             Both:        1.04 GB reserved,      51.07 MB (  5%) committed 

Chunk freelists:
   Non-Class:  58.00 KB
       Class:  30.00 KB
        Both:  88.00 KB

MaxMetaspaceSize: 17179869184.00 GB
CompressedClassSpaceSize: 1.00 GB

CodeHeap 'non-profiled nmethods': size=120000Kb used=2937Kb max_used=2937Kb free=117062Kb
 bounds [0x000001af87ad0000, 0x000001af87db0000, 0x000001af8f000000]
CodeHeap 'profiled nmethods': size=120000Kb used=10522Kb max_used=10522Kb free=109477Kb
 bounds [0x000001af805a0000, 0x000001af80ff0000, 0x000001af87ad0000]
CodeHeap 'non-nmethods': size=5760Kb used=2236Kb max_used=2298Kb free=3523Kb
 bounds [0x000001af80000000, 0x000001af80270000, 0x000001af805a0000]
 total_blobs=5931 nmethods=5136 adapters=704
 compilation: enabled
              stopped_count=0, restarted_count=0
 full_count=0

Compilation events (20 events):
Event: 16.309 Thread 0x000001affe39f800 5163       3       org.gradle.internal.instantiation.generator.AsmBackedClassGenerator::getDisplayNameForNext (21 bytes)
Event: 16.309 Thread 0x000001affe39f800 nmethod 5163 0x000001af80fe5590 code [0x000001af80fe5760, 0x000001af80fe5a28]
Event: 16.309 Thread 0x000001affe39f800 5164       3       org.gradle.internal.instantiation.generator.AsmBackedClassGenerator::generate (6 bytes)
Event: 16.310 Thread 0x000001affe39f800 nmethod 5164 0x000001af80fe5b10 code [0x000001af80fe5cc0, 0x000001af80fe5de8]
Event: 16.310 Thread 0x000001affe39f800 5165       3       org.gradle.internal.instantiation.generator.AbstractClassGenerator::generate (58 bytes)
Event: 16.310 Thread 0x000001affe39f800 nmethod 5165 0x000001af80fe5e90 code [0x000001af80fe60a0, 0x000001af80fe6788]
Event: 16.312 Thread 0x000001affe39f800 5166       1       java.util.logging.Logger::getName (5 bytes)
Event: 16.312 Thread 0x000001affe39f800 nmethod 5166 0x000001af87da3310 code [0x000001af87da34c0, 0x000001af87da3578]
Event: 16.313 Thread 0x000001affe39e800 nmethod 5146 0x000001af87da3610 code [0x000001af87da3840, 0x000001af87da4718]
Event: 16.313 Thread 0x000001affe39e800 5145       4       org.objectweb.asm.SymbolTable::addType (81 bytes)
Event: 16.330 Thread 0x000001afff440000 nmethod 5100% 0x000001af87da5190 code [0x000001af87da55a0, 0x000001af87daa2f8]
Event: 16.332 Thread 0x000001afff440000 5121  s    4       java.util.jar.JarFile::getInputStream (72 bytes)
Event: 16.349 Thread 0x000001afff440000 nmethod 5121 0x000001af87dacd10 code [0x000001af87dacf00, 0x000001af87dad690]
Event: 16.349 Thread 0x000001afff440000 5167       4       com.google.common.collect.MapMakerInternalMap::rehash (49 bytes)
Event: 16.350 Thread 0x000001afff440000 nmethod 5167 0x000001af87dadb90 code [0x000001af87dadd20, 0x000001af87daddb8]
Event: 16.350 Thread 0x000001afff440000 5147       4       org.objectweb.asm.MethodWriter::visitCode (1 bytes)
Event: 16.350 Thread 0x000001afff440000 nmethod 5147 0x000001af87dade10 code [0x000001af87dadfa0, 0x000001af87dadff8]
Event: 16.350 Thread 0x000001afff440000 5168       4       java.util.jar.JarFile$1::apply (9 bytes)
Event: 16.354 Thread 0x000001afff440000 nmethod 5168 0x000001af87dae090 code [0x000001af87dae240, 0x000001af87dae518]
Event: 16.354 Thread 0x000001afff440000 5169       4       jdk.internal.loader.ClassLoaders$BootClassLoader::loadClassOrNull (11 bytes)

GC Heap History (17 events):
Event: 1.972 GC heap before
{Heap before GC invocations=0 (full 0):
 garbage-first heap   total 129024K, used 29696K [0x0000000080000000, 0x0000000100000000)
  region size 1024K, 24 young (24576K), 0 survivors (0K)
 Metaspace       used 10183K, capacity 10363K, committed 10624K, reserved 1058816K
  class space    used 1065K, capacity 1141K, committed 1152K, reserved 1048576K
}
Event: 1.994 GC heap after
{Heap after GC invocations=1 (full 0):
 garbage-first heap   total 129024K, used 9288K [0x0000000080000000, 0x0000000100000000)
  region size 1024K, 3 young (3072K), 3 survivors (3072K)
 Metaspace       used 10183K, capacity 10363K, committed 10624K, reserved 1058816K
  class space    used 1065K, capacity 1141K, committed 1152K, reserved 1048576K
}
Event: 2.503 GC heap before
{Heap before GC invocations=1 (full 0):
 garbage-first heap   total 129024K, used 20552K [0x0000000080000000, 0x0000000100000000)
  region size 1024K, 14 young (14336K), 3 survivors (3072K)
 Metaspace       used 11044K, capacity 11252K, committed 11520K, reserved 1058816K
  class space    used 1166K, capacity 1245K, committed 1280K, reserved 1048576K
}
Event: 2.507 GC heap after
{Heap after GC invocations=2 (full 0):
 garbage-first heap   total 129024K, used 10062K [0x0000000080000000, 0x0000000100000000)
  region size 1024K, 1 young (1024K), 1 survivors (1024K)
 Metaspace       used 11044K, capacity 11252K, committed 11520K, reserved 1058816K
  class space    used 1166K, capacity 1245K, committed 1280K, reserved 1048576K
}
Event: 3.338 GC heap before
{Heap before GC invocations=2 (full 0):
 garbage-first heap   total 129024K, used 47950K [0x0000000080000000, 0x0000000100000000)
  region size 1024K, 38 young (38912K), 1 survivors (1024K)
 Metaspace       used 11581K, capacity 11820K, committed 11904K, reserved 1060864K
  class space    used 1268K, capacity 1349K, committed 1408K, reserved 1048576K
}
Event: 3.343 GC heap after
{Heap after GC invocations=3 (full 0):
 garbage-first heap   total 129024K, used 14774K [0x0000000080000000, 0x0000000100000000)
  region size 1024K, 5 young (5120K), 5 survivors (5120K)
 Metaspace       used 11581K, capacity 11820K, committed 11904K, reserved 1060864K
  class space    used 1268K, capacity 1349K, committed 1408K, reserved 1048576K
}
Event: 6.677 GC heap before
{Heap before GC invocations=3 (full 0):
 garbage-first heap   total 129024K, used 61878K [0x0000000080000000, 0x0000000100000000)
  region size 1024K, 52 young (53248K), 5 survivors (5120K)
 Metaspace       used 20651K, capacity 21124K, committed 21248K, reserved 1067008K
  class space    used 2526K, capacity 2722K, committed 2816K, reserved 1048576K
}
Event: 6.702 GC heap after
{Heap after GC invocations=4 (full 0):
 garbage-first heap   total 129024K, used 17323K [0x0000000080000000, 0x0000000100000000)
  region size 1024K, 3 young (3072K), 3 survivors (3072K)
 Metaspace       used 20651K, capacity 21124K, committed 21248K, reserved 1067008K
  class space    used 2526K, capacity 2722K, committed 2816K, reserved 1048576K
}
Event: 7.966 GC heap before
{Heap before GC invocations=5 (full 0):
 garbage-first heap   total 129024K, used 72619K [0x0000000080000000, 0x0000000100000000)
  region size 1024K, 57 young (58368K), 3 survivors (3072K)
 Metaspace       used 26026K, capacity 26683K, committed 26752K, reserved 1073152K
  class space    used 3408K, capacity 3665K, committed 3712K, reserved 1048576K
}
Event: 7.973 GC heap after
{Heap after GC invocations=6 (full 0):
 garbage-first heap   total 129024K, used 19231K [0x0000000080000000, 0x0000000100000000)
  region size 1024K, 5 young (5120K), 5 survivors (5120K)
 Metaspace       used 26026K, capacity 26683K, committed 26752K, reserved 1073152K
  class space    used 3408K, capacity 3665K, committed 3712K, reserved 1048576K
}
Event: 10.087 GC heap before
{Heap before GC invocations=6 (full 0):
 garbage-first heap   total 129024K, used 74527K [0x0000000080000000, 0x0000000100000000)
  region size 1024K, 60 young (61440K), 5 survivors (5120K)
 Metaspace       used 35043K, capacity 35830K, committed 35840K, reserved 1081344K
  class space    used 4540K, capacity 4864K, committed 4864K, reserved 1048576K
}
Event: 10.119 GC heap after
{Heap after GC invocations=7 (full 0):
 garbage-first heap   total 129024K, used 22783K [0x0000000080000000, 0x0000000100000000)
  region size 1024K, 6 young (6144K), 6 survivors (6144K)
 Metaspace       used 35043K, capacity 35830K, committed 35840K, reserved 1081344K
  class space    used 4540K, capacity 4864K, committed 4864K, reserved 1048576K
}
Event: 11.946 GC heap before
{Heap before GC invocations=8 (full 0):
 garbage-first heap   total 129024K, used 87295K [0x0000000080000000, 0x0000000100000000)
  region size 1024K, 67 young (68608K), 6 survivors (6144K)
 Metaspace       used 39450K, capacity 40364K, committed 40524K, reserved 1085440K
  class space    used 5037K, capacity 5389K, committed 5452K, reserved 1048576K
}
Event: 11.966 GC heap after
{Heap after GC invocations=9 (full 0):
 garbage-first heap   total 129024K, used 27757K [0x0000000080000000, 0x0000000100000000)
  region size 1024K, 9 young (9216K), 9 survivors (9216K)
 Metaspace       used 39450K, capacity 40364K, committed 40524K, reserved 1085440K
  class space    used 5037K, capacity 5389K, committed 5452K, reserved 1048576K
}
Event: 13.849 GC heap before
{Heap before GC invocations=9 (full 0):
 garbage-first heap   total 129024K, used 90221K [0x0000000080000000, 0x0000000100000000)
  region size 1024K, 70 young (71680K), 9 survivors (9216K)
 Metaspace       used 44962K, capacity 46097K, committed 46156K, reserved 1089536K
  class space    used 5780K, capacity 6188K, committed 6220K, reserved 1048576K
}
Event: 13.862 GC heap after
{Heap after GC invocations=10 (full 0):
 garbage-first heap   total 155648K, used 29814K [0x0000000080000000, 0x0000000100000000)
  region size 1024K, 3 young (3072K), 3 survivors (3072K)
 Metaspace       used 44962K, capacity 46097K, committed 46156K, reserved 1089536K
  class space    used 5780K, capacity 6188K, committed 6220K, reserved 1048576K
}
Event: 16.358 GC heap before
{Heap before GC invocations=10 (full 0):
 garbage-first heap   total 155648K, used 112758K [0x0000000080000000, 0x0000000100000000)
  region size 1024K, 81 young (82944K), 3 survivors (3072K)
 Metaspace       used 50681K, capacity 52008K, committed 52300K, reserved 1095680K
  class space    used 6476K, capacity 6946K, committed 6988K, reserved 1048576K
}

Deoptimization events (20 events):
Event: 16.079 Thread 0x000001af8f696800 Uncommon trap: trap_request=0xffffff4d fr.pc=0x000001af87ca2248 relative=0x0000000000000748
Event: 16.080 Thread 0x000001af8f696800 Uncommon trap: reason=unstable_if action=reinterpret pc=0x000001af87ca2248 method=java.io.BufferedInputStream.read([BII)I @ 56 c2
Event: 16.080 Thread 0x000001af8f696800 DEOPT PACKING pc=0x000001af87ca2248 sp=0x000000a471df74c0
Event: 16.080 Thread 0x000001af8f696800 DEOPT UNPACKING pc=0x000001af800278af sp=0x000000a471df7478 mode 2
Event: 16.085 Thread 0x000001af8f696800 Uncommon trap: trap_request=0xffffff4d fr.pc=0x000001af87bb2bf4 relative=0x0000000000000054
Event: 16.085 Thread 0x000001af8f696800 Uncommon trap: reason=unstable_if action=reinterpret pc=0x000001af87bb2bf4 method=java.util.regex.Pattern.has(I)Z @ 6 c2
Event: 16.085 Thread 0x000001af8f696800 DEOPT PACKING pc=0x000001af87bb2bf4 sp=0x000000a471df64b0
Event: 16.085 Thread 0x000001af8f696800 DEOPT UNPACKING pc=0x000001af800278af sp=0x000000a471df6440 mode 2
Event: 16.141 Thread 0x000001af8f696800 Uncommon trap: trap_request=0xffffff45 fr.pc=0x000001af87c6ec20 relative=0x0000000000000d60
Event: 16.141 Thread 0x000001af8f696800 Uncommon trap: reason=unstable_fused_if action=reinterpret pc=0x000001af87c6ec20 method=org.objectweb.asm.ByteVector.putUTF8(Ljava/lang/String;)Lorg/objectweb/asm/ByteVector; @ 93 c2
Event: 16.141 Thread 0x000001af8f696800 DEOPT PACKING pc=0x000001af87c6ec20 sp=0x000000a471df7f60
Event: 16.141 Thread 0x000001af8f696800 DEOPT UNPACKING pc=0x000001af800278af sp=0x000000a471df7eb8 mode 2
Event: 16.142 Thread 0x000001af8f696800 Uncommon trap: trap_request=0xffffff4d fr.pc=0x000001af87cab93c relative=0x0000000000005bfc
Event: 16.142 Thread 0x000001af8f696800 Uncommon trap: reason=unstable_if action=reinterpret pc=0x000001af87cab93c method=org.objectweb.asm.Frame.execute(IILorg/objectweb/asm/Symbol;Lorg/objectweb/asm/SymbolTable;)V @ 1 c2
Event: 16.143 Thread 0x000001af8f696800 DEOPT PACKING pc=0x000001af87cab93c sp=0x000000a471df8150
Event: 16.143 Thread 0x000001af8f696800 DEOPT UNPACKING pc=0x000001af800278af sp=0x000000a471df80f8 mode 2
Event: 16.211 Thread 0x000001af8f696800 Uncommon trap: trap_request=0xffffff45 fr.pc=0x000001af87beab74 relative=0x0000000000000214
Event: 16.211 Thread 0x000001af8f696800 Uncommon trap: reason=unstable_fused_if action=reinterpret pc=0x000001af87beab74 method=org.objectweb.asm.ByteVector.putUTF8(Ljava/lang/String;)Lorg/objectweb/asm/ByteVector; @ 93 c2
Event: 16.212 Thread 0x000001af8f696800 DEOPT PACKING pc=0x000001af87beab74 sp=0x000000a471df8290
Event: 16.212 Thread 0x000001af8f696800 DEOPT UNPACKING pc=0x000001af800278af sp=0x000000a471df8210 mode 2

Classes redefined (0 events):
No events

Internal exceptions (20 events):
Event: 15.698 Thread 0x000001af8f696800 Exception <a 'java/lang/ClassNotFoundException'{0x00000000864b4170}: org/gradle/api/tasks/DeleteCustomizer> (0x00000000864b4170) thrown at [./src/hotspot/share/classfile/systemDictionary.cpp, line 231]
Event: 15.701 Thread 0x000001af8f696800 Exception <a 'java/lang/ClassNotFoundException'{0x00000000864f2550}: org/gradle/api/tasks/Delete_DecoratedCustomizer> (0x00000000864f2550) thrown at [./src/hotspot/share/classfile/systemDictionary.cpp, line 231]
Event: 15.728 Thread 0x000001af8f696800 Exception <a 'java/lang/NoSuchMethodError'{0x0000000086204220}: 'long java.lang.invoke.DirectMethodHandle$Holder.invokeVirtual(java.lang.Object, java.lang.Object)'> (0x0000000086204220) thrown at [./src/hotspot/share/interpreter/linkResolver.cpp, line 773]
Event: 15.732 Thread 0x000001af8fe05000 Exception <a 'java/lang/NoSuchMethodError'{0x000000008978c7f0}: <clinit>> (0x000000008978c7f0) thrown at [./src/hotspot/share/prims/jni.cpp, line 1362]
Event: 15.734 Thread 0x000001af8fe05000 Exception <a 'java/lang/NoSuchMethodError'{0x0000000086297cd0}: <clinit>> (0x0000000086297cd0) thrown at [./src/hotspot/share/prims/jni.cpp, line 1362]
Event: 15.735 Thread 0x000001af8fe05000 Exception <a 'java/lang/NoSuchMethodError'{0x0000000086298de0}: <clinit>> (0x0000000086298de0) thrown at [./src/hotspot/share/prims/jni.cpp, line 1362]
Event: 15.735 Thread 0x000001af8fe05000 Exception <a 'java/lang/NoSuchMethodError'{0x000000008629a0e8}: <clinit>> (0x000000008629a0e8) thrown at [./src/hotspot/share/prims/jni.cpp, line 1362]
Event: 15.735 Thread 0x000001af8fe05000 Exception <a 'java/lang/NoSuchMethodError'{0x000000008629b108}: <clinit>> (0x000000008629b108) thrown at [./src/hotspot/share/prims/jni.cpp, line 1362]
Event: 15.736 Thread 0x000001af8fe05000 Exception <a 'java/lang/NoSuchMethodError'{0x00000000862a4f38}: <clinit>> (0x00000000862a4f38) thrown at [./src/hotspot/share/prims/jni.cpp, line 1362]
Event: 15.736 Thread 0x000001af8fe05000 Exception <a 'java/lang/NoSuchMethodError'{0x00000000862af150}: <clinit>> (0x00000000862af150) thrown at [./src/hotspot/share/prims/jni.cpp, line 1362]
Event: 15.738 Thread 0x000001af8fe05000 Exception <a 'java/lang/NoSuchMethodError'{0x00000000862c2c60}: <clinit>> (0x00000000862c2c60) thrown at [./src/hotspot/share/prims/jni.cpp, line 1362]
Event: 15.752 Thread 0x000001af8f696800 Exception <a 'java/lang/ClassNotFoundException'{0x000000008612d7b8}: build_cge1n0e8j98nx5mambx4kdx3qBeanInfo> (0x000000008612d7b8) thrown at [./src/hotspot/share/classfile/systemDictionary.cpp, line 231]
Event: 15.752 Thread 0x000001af8f696800 Exception <a 'java/lang/ClassNotFoundException'{0x00000000861386e0}: build_cge1n0e8j98nx5mambx4kdx3qCustomizer> (0x00000000861386e0) thrown at [./src/hotspot/share/classfile/systemDictionary.cpp, line 231]
Event: 15.761 Thread 0x000001af8f696800 Exception <a 'java/lang/ClassNotFoundException'{0x00000000861b8958}: org/gradle/plugin/use/internal/PluginRequestCollector$PluginDependenciesSpecImplBeanInfo> (0x00000000861b8958) thrown at [./src/hotspot/share/classfile/systemDictionary.cpp, line 231]
Event: 15.762 Thread 0x000001af8f696800 Exception <a 'java/lang/ClassNotFoundException'{0x00000000861e6808}: org/gradle/plugin/use/internal/PluginRequestCollector$PluginDependenciesSpecImplCustomizer> (0x00000000861e6808) thrown at [./src/hotspot/share/classfile/systemDictionary.cpp, line 231]
Event: 15.802 Thread 0x000001af8f696800 Exception <a 'java/lang/ClassNotFoundException'{0x0000000085e630b8}: org/gradle/api/internal/plugins/DefaultObjectConfigurationActionBeanInfo> (0x0000000085e630b8) thrown at [./src/hotspot/share/classfile/systemDictionary.cpp, line 231]
Event: 15.803 Thread 0x000001af8f696800 Exception <a 'java/lang/ClassNotFoundException'{0x0000000085e966b8}: org/gradle/api/internal/plugins/DefaultObjectConfigurationActionCustomizer> (0x0000000085e966b8) thrown at [./src/hotspot/share/classfile/systemDictionary.cpp, line 231]
Event: 16.118 Thread 0x000001af8f696800 Exception <a 'java/lang/NoSuchMethodError'{0x00000000854647f0}: 'java.lang.Object java.lang.invoke.DirectMethodHandle$Holder.invokeStatic(java.lang.Object, java.lang.Object, java.lang.Object, java.lang.Object, int)'> (0x00000000854647f0) thrown at [./src/hotspot/share/interpreter/linkResolver.cpp, line 773]
Event: 16.119 Thread 0x000001af8f696800 Exception <a 'java/lang/NoSuchMethodError'{0x00000000854691e8}: 'java.lang.Object java.lang.invoke.DirectMethodHandle$Holder.invokeSpecial(java.lang.Object, java.lang.Object, java.lang.Object, java.lang.Object, java.lang.Object, int)'> (0x00000000854691e8) thrown at [./src/hotspot/share/interpreter/linkResolver.cpp, line 773]
Event: 16.120 Thread 0x000001af8f696800 Exception <a 'java/lang/NoSuchMethodError'{0x000000008546d828}: 'java.lang.Object java.lang.invoke.Invokers$Holder.linkToTargetMethod(java.lang.Object, java.lang.Object, java.lang.Object, int, java.lang.Object)'> (0x000000008546d828) thrown at [./src/hotspot/share/interpreter/linkResolver.cpp, line 773]

Events (20 events):
Event: 16.354 loading class com/google/gson/internal/bind/DateTypeAdapter$1 done
Event: 16.355 loading class com/google/gson/internal/bind/TimeTypeAdapter
Event: 16.355 loading class com/google/gson/internal/bind/TimeTypeAdapter done
Event: 16.355 loading class com/google/gson/internal/bind/TimeTypeAdapter$1
Event: 16.355 loading class com/google/gson/internal/bind/TimeTypeAdapter$1 done
Event: 16.355 loading class com/google/gson/internal/bind/SqlDateTypeAdapter
Event: 16.355 loading class com/google/gson/internal/bind/SqlDateTypeAdapter done
Event: 16.356 loading class com/google/gson/internal/bind/SqlDateTypeAdapter$1
Event: 16.356 loading class com/google/gson/internal/bind/SqlDateTypeAdapter$1 done
Event: 16.356 loading class com/google/gson/internal/bind/ArrayTypeAdapter
Event: 16.356 loading class com/google/gson/internal/bind/ArrayTypeAdapter done
Event: 16.356 loading class com/google/gson/internal/bind/TypeAdapterRuntimeTypeWrapper
Event: 16.356 loading class com/google/gson/internal/bind/TypeAdapterRuntimeTypeWrapper done
Event: 16.357 loading class com/google/gson/internal/bind/ArrayTypeAdapter$1
Event: 16.357 loading class com/google/gson/internal/bind/ArrayTypeAdapter$1 done
Event: 16.357 loading class com/google/gson/internal/bind/CollectionTypeAdapterFactory
Event: 16.357 loading class com/google/gson/internal/bind/CollectionTypeAdapterFactory done
Event: 16.357 loading class com/google/gson/internal/bind/CollectionTypeAdapterFactory$Adapter
Event: 16.357 loading class com/google/gson/internal/bind/CollectionTypeAdapterFactory$Adapter done
Event: 16.357 Executing VM operation: G1CollectForAllocation


Dynamic libraries:
0x00007ff700740000 - 0x00007ff70074a000 	C:\Program Files\Android\Android Studio\jre\bin\java.exe
0x00007ffa57010000 - 0x00007ffa57205000 	C:\WINDOWS\SYSTEM32\ntdll.dll
0x00007ffa56af0000 - 0x00007ffa56bae000 	C:\WINDOWS\System32\KERNEL32.DLL
0x00007ffa54900000 - 0x00007ffa54bc8000 	C:\WINDOWS\System32\KERNELBASE.dll
0x00007ffa54db0000 - 0x00007ffa54eb0000 	C:\WINDOWS\System32\ucrtbase.dll
0x00007ffa43fc0000 - 0x00007ffa43fd7000 	C:\Program Files\Android\Android Studio\jre\bin\VCRUNTIME140.dll
0x00007ffa43f50000 - 0x00007ffa43f69000 	C:\Program Files\Android\Android Studio\jre\bin\jli.dll
0x00007ffa56940000 - 0x00007ffa56ae1000 	C:\WINDOWS\System32\USER32.dll
0x00007ffa548d0000 - 0x00007ffa548f2000 	C:\WINDOWS\System32\win32u.dll
0x00007ffa3f340000 - 0x00007ffa3f5da000 	C:\WINDOWS\WinSxS\amd64_microsoft.windows.common-controls_6595b64144ccf1df_6.0.19041.1110_none_60b5254171f9507e\COMCTL32.dll
0x00007ffa55d60000 - 0x00007ffa55d8b000 	C:\WINDOWS\System32\GDI32.dll
0x00007ffa54eb0000 - 0x00007ffa54fbb000 	C:\WINDOWS\System32\gdi32full.dll
0x00007ffa55060000 - 0x00007ffa550fe000 	C:\WINDOWS\System32\msvcrt.dll
0x00007ffa54fc0000 - 0x00007ffa5505d000 	C:\WINDOWS\System32\msvcp_win.dll
0x00007ffa551e0000 - 0x00007ffa55210000 	C:\WINDOWS\System32\IMM32.DLL
0x00007ffa21b10000 - 0x00007ffa21bad000 	C:\Program Files\Android\Android Studio\jre\bin\msvcp140.dll
0x00007ff9e9400000 - 0x00007ff9e9ecf000 	C:\Program Files\Android\Android Studio\jre\bin\server\jvm.dll
0x00007ffa55b10000 - 0x00007ffa55bbc000 	C:\WINDOWS\System32\ADVAPI32.dll
0x00007ffa56da0000 - 0x00007ffa56e3b000 	C:\WINDOWS\System32\sechost.dll
0x00007ffa563b0000 - 0x00007ffa564da000 	C:\WINDOWS\System32\RPCRT4.dll
0x00007ffa553c0000 - 0x00007ffa553c8000 	C:\WINDOWS\System32\PSAPI.DLL
0x00007ffa3b910000 - 0x00007ffa3b919000 	C:\WINDOWS\SYSTEM32\WSOCK32.dll
0x00007ffa40370000 - 0x00007ffa40397000 	C:\WINDOWS\SYSTEM32\WINMM.dll
0x00007ffa4db50000 - 0x00007ffa4db5a000 	C:\WINDOWS\SYSTEM32\VERSION.dll
0x00007ffa56570000 - 0x00007ffa565db000 	C:\WINDOWS\System32\WS2_32.dll
0x00007ffa52fc0000 - 0x00007ffa52fd2000 	C:\WINDOWS\SYSTEM32\kernel.appcore.dll
0x00007ffa4fc60000 - 0x00007ffa4fc71000 	C:\Program Files\Android\Android Studio\jre\bin\verify.dll
0x00007ffa52500000 - 0x00007ffa526e4000 	C:\WINDOWS\SYSTEM32\DBGHELP.DLL
0x00007ffa3b920000 - 0x00007ffa3b94c000 	C:\WINDOWS\SYSTEM32\dbgcore.DLL
0x00007ffa54730000 - 0x00007ffa547b3000 	C:\WINDOWS\System32\bcryptPrimitives.dll
0x00007ffa3fda0000 - 0x00007ffa3fdc9000 	C:\Program Files\Android\Android Studio\jre\bin\java.dll
0x00007ffa4f890000 - 0x00007ffa4f89b000 	C:\Program Files\Android\Android Studio\jre\bin\jimage.dll
0x00007ffa42580000 - 0x00007ffa42598000 	C:\Program Files\Android\Android Studio\jre\bin\zip.dll
0x00007ffa553d0000 - 0x00007ffa55b0f000 	C:\WINDOWS\System32\SHELL32.dll
0x00007ffa526f0000 - 0x00007ffa52e80000 	C:\WINDOWS\SYSTEM32\windows.storage.dll
0x00007ffa565e0000 - 0x00007ffa56935000 	C:\WINDOWS\System32\combase.dll
0x00007ffa54110000 - 0x00007ffa5413e000 	C:\WINDOWS\SYSTEM32\Wldp.dll
0x00007ffa56bb0000 - 0x00007ffa56c5d000 	C:\WINDOWS\System32\SHCORE.dll
0x00007ffa56f70000 - 0x00007ffa56fc5000 	C:\WINDOWS\System32\shlwapi.dll
0x00007ffa54670000 - 0x00007ffa5468f000 	C:\WINDOWS\SYSTEM32\profapi.dll
0x00007ffa40c10000 - 0x00007ffa40c2a000 	C:\Program Files\Android\Android Studio\jre\bin\net.dll
0x00007ffa42950000 - 0x00007ffa42a5c000 	C:\WINDOWS\SYSTEM32\WINHTTP.dll
0x00007ffa53e10000 - 0x00007ffa53e7a000 	C:\WINDOWS\system32\mswsock.dll
0x00007ffa40580000 - 0x00007ffa40594000 	C:\Program Files\Android\Android Studio\jre\bin\nio.dll
0x00007ffa34250000 - 0x00007ffa34277000 	C:\Users\ASUS\.gradle\native\8bec1ad78214c89d9ad589b4d07fe93259594b29d510b10fafb7a158f7737e5d\windows-amd64\native-platform.dll
0x00007ffa20d50000 - 0x00007ffa20e8d000 	C:\Users\ASUS\.gradle\native\53dbd7edfb1c66fb8903c78663c9afc45aea4f116125fa6feffd364cf09443e8\windows-amd64\native-platform-file-events.dll
0x00007ffa4e720000 - 0x00007ffa4e72a000 	C:\Program Files\Android\Android Studio\jre\bin\management.dll
0x00007ffa4d520000 - 0x00007ffa4d52c000 	C:\Program Files\Android\Android Studio\jre\bin\management_ext.dll
0x00007ffa54000000 - 0x00007ffa54018000 	C:\WINDOWS\SYSTEM32\CRYPTSP.dll
0x00007ffa53790000 - 0x00007ffa537c4000 	C:\WINDOWS\system32\rsaenh.dll
0x00007ffa54d30000 - 0x00007ffa54d57000 	C:\WINDOWS\System32\bcrypt.dll
0x00007ffa545f0000 - 0x00007ffa5461e000 	C:\WINDOWS\SYSTEM32\USERENV.dll
0x00007ffa54020000 - 0x00007ffa5402c000 	C:\WINDOWS\SYSTEM32\CRYPTBASE.dll
0x00007ffa53b00000 - 0x00007ffa53b3b000 	C:\WINDOWS\SYSTEM32\IPHLPAPI.DLL
0x00007ffa56d90000 - 0x00007ffa56d98000 	C:\WINDOWS\System32\NSI.dll
0x00007ffa4dbe0000 - 0x00007ffa4dbf7000 	C:\WINDOWS\SYSTEM32\dhcpcsvc6.DLL
0x00007ffa4e130000 - 0x00007ffa4e14d000 	C:\WINDOWS\SYSTEM32\dhcpcsvc.DLL
0x00007ffa53b40000 - 0x00007ffa53c0b000 	C:\WINDOWS\SYSTEM32\DNSAPI.dll

dbghelp: loaded successfully - version: 4.0.5 - missing functions: none
symbol engine: initialized successfully - sym options: 0x614 - pdb path: .;C:\Program Files\Android\Android Studio\jre\bin;C:\WINDOWS\SYSTEM32;C:\WINDOWS\WinSxS\amd64_microsoft.windows.common-controls_6595b64144ccf1df_6.0.19041.1110_none_60b5254171f9507e;C:\Program Files\Android\Android Studio\jre\bin\server;C:\Users\ASUS\.gradle\native\8bec1ad78214c89d9ad589b4d07fe93259594b29d510b10fafb7a158f7737e5d\windows-amd64;C:\Users\ASUS\.gradle\native\53dbd7edfb1c66fb8903c78663c9afc45aea4f116125fa6feffd364cf09443e8\windows-amd64

VM Arguments:
jvm_args: --add-opens=java.base/java.util=ALL-UNNAMED --add-opens=java.base/java.lang=ALL-UNNAMED --add-opens=java.base/java.lang.invoke=ALL-UNNAMED --add-opens=java.base/java.util=ALL-UNNAMED --add-opens=java.prefs/java.util.prefs=ALL-UNNAMED --add-opens=java.prefs/java.util.prefs=ALL-UNNAMED --add-opens=java.base/java.nio.charset=ALL-UNNAMED --add-opens=java.base/java.net=ALL-UNNAMED --add-opens=java.base/java.util.concurrent.atomic=ALL-UNNAMED -Xmx2048m -Dfile.encoding=UTF-8 -Duser.country=IN -Duser.language=en -Duser.variant 
java_command: org.gradle.launcher.daemon.bootstrap.GradleDaemon 7.0.2
java_class_path (initial): C:\Users\ASUS\.gradle\wrapper\dists\gradle-7.0.2-bin\857tjihv64xamwrf0h14cai3r\gradle-7.0.2\lib\gradle-launcher-7.0.2.jar
Launcher Type: SUN_STANDARD

[Global flags]
     intx CICompilerCount                          = 4                                         {product} {ergonomic}
     uint ConcGCThreads                            = 2                                         {product} {ergonomic}
     uint G1ConcRefinementThreads                  = 8                                         {product} {ergonomic}
   size_t G1HeapRegionSize                         = 1048576                                   {product} {ergonomic}
    uintx GCDrainStackTargetSize                   = 64                                        {product} {ergonomic}
   size_t InitialHeapSize                          = 132120576                                 {product} {ergonomic}
   size_t MarkStackSize                            = 4194304                                   {product} {ergonomic}
   size_t MaxHeapSize                              = 2147483648                                {product} {command line}
   size_t MaxNewSize                               = 1287651328                                {product} {ergonomic}
   size_t MinHeapDeltaBytes                        = 1048576                                   {product} {ergonomic}
    uintx NonNMethodCodeHeapSize                   = 5836300                                {pd product} {ergonomic}
    uintx NonProfiledCodeHeapSize                  = 122910970                              {pd product} {ergonomic}
    uintx ProfiledCodeHeapSize                     = 122910970                              {pd product} {ergonomic}
    uintx ReservedCodeCacheSize                    = 251658240                              {pd product} {ergonomic}
     bool SegmentedCodeCache                       = true                                      {product} {ergonomic}
     bool UseCompressedClassPointers               = true                                 {lp64_product} {ergonomic}
     bool UseCompressedOops                        = true                                 {lp64_product} {ergonomic}
     bool UseG1GC                                  = true                                      {product} {ergonomic}
     bool UseLargePagesIndividualAllocation        = false                                  {pd product} {ergonomic}

Logging:
Log output configuration:
 #0: stdout all=warning uptime,level,tags
 #1: stderr all=off uptime,level,tags

Environment Variables:
JAVA_HOME=C:\Program Files\Java\jdk-14\bin
PATH=C:\WINDOWS\system32;C:\WINDOWS;C:\WINDOWS\System32\Wbem;C:\WINDOWS\System32\WindowsPowerShell\v1.0\;C:\WINDOWS\System32\OpenSSH\;C:\Program Files\dotnet\;C:\Program Files (x86)\Microsoft SQL Server\100\Tools\Binn\;C:\Program Files\Microsoft SQL Server\100\Tools\Binn\;C:\Program Files\Microsoft SQL Server\100\DTS\Binn\;C:\Program Files\Java\jdk-14\bin;C:\Users\ASUS\anaconda3\Library\bin;C:\Users\ASUS\anaconda3\Scripts;C:\Users\ASUS\anaconda3\condabin;C:\Users\ASUS\anaconda3\envs\ml_tutorial\Lib\site-packages;C:\Program Files (x86)\dotnet\;C:\Program Files\Git\cmd;C:\oracle\instantclient_19_10;C:\Users\ASUS\anaconda3\Lib\site-packages;C:\Users\ASUS\anaconda3;C:\Users\ASUS\AppData\Local\Programs\Python\Python39\python.exe;C:\Users\ASUS\AppData\Local\Programs\Python\Python39\Scripts\;C:\Users\ASUS\AppData\Local\Programs\Python\Python39\;C:\Program Files\MySQL\MySQL Shell 8.0\bin\;C:\Users\ASUS\AppData\Local\Microsoft\WindowsApps;E:\PyCharm Community Edition 2020.1\bin;C:\Users\ASUS\AppData\Local\atom\bin;C:\Program Files\MongoDB\Server\5.0\bin\;
USERNAME=ASUS
OS=Windows_NT
PROCESSOR_IDENTIFIER=Intel64 Family 6 Model 158 Stepping 10, GenuineIntel



---------------  S Y S T E M  ---------------

OS: Windows 10 , 64 bit Build 19041 (10.0.19041.1348)
OS uptime: 2 days 0:10 hours

CPU:total 8 (initial active 8) (4 cores per cpu, 2 threads per core) family 6 model 158 stepping 10 microcode 0xca, cmov, cx8, fxsr, mmx, sse, sse2, sse3, ssse3, sse4.1, sse4.2, popcnt, avx, avx2, aes, clmul, erms, 3dnowpref, lzcnt, ht, tsc, tscinvbit, bmi1, bmi2, adx, fma

Memory: 4k page, system-wide physical 8043M (784M free)
TotalPageFile size 15732M (AvailPageFile size 2759M)
current process WorkingSet (physical memory assigned to process): 295M, peak: 323M
current process commit charge ("private bytes"): 354M, peak: 382M

vm_info: OpenJDK 64-Bit Server VM (11.0.10+0-b96-7249189) for windows-amd64 JRE (11.0.10+0-b96-7249189), built on Mar 31 2021 21:44:00 by "builder" with MS VC++ 14.0 (VS2015)

END.
